<?xml version="1.0" encoding="UTF-8"?>
<coverage generated="1748314782432" clover="3.2.0">
  <project timestamp="1748314782432" name="All files">
    <metrics statements="320" coveredstatements="310" conditionals="82" coveredconditionals="77" methods="84" coveredmethods="83" elements="486" coveredelements="470" complexity="0" loc="320" ncloc="320" packages="8" files="26" classes="26"/>
    <package name="application.services">
      <metrics statements="53" coveredstatements="52" conditionals="16" coveredconditionals="15" methods="9" coveredmethods="9"/>
      <file name="booking_service.ts" path="D:\ProjetosGit\fc4-tdd-desafio\src\application\services\booking_service.ts">
        <metrics statements="27" coveredstatements="27" conditionals="5" coveredconditionals="5" methods="3" coveredmethods="3"/>
        <line num="1" count="2" type="stmt"/>
        <line num="3" count="2" type="stmt"/>
        <line num="7" count="2" type="stmt"/>
        <line num="9" count="2" type="stmt"/>
        <line num="11" count="14" type="stmt"/>
        <line num="12" count="14" type="stmt"/>
        <line num="13" count="14" type="stmt"/>
        <line num="17" count="12" type="stmt"/>
        <line num="19" count="12" type="cond" truecount="1" falsecount="0"/>
        <line num="20" count="1" type="stmt"/>
        <line num="24" count="11" type="cond" truecount="1" falsecount="0"/>
        <line num="25" count="1" type="stmt"/>
        <line num="28" count="10" type="stmt"/>
        <line num="32" count="10" type="cond" truecount="1" falsecount="0"/>
        <line num="33" count="2" type="stmt"/>
        <line num="36" count="8" type="stmt"/>
        <line num="37" count="8" type="cond" truecount="1" falsecount="0"/>
        <line num="38" count="1" type="stmt"/>
        <line num="41" count="7" type="stmt"/>
        <line num="43" count="7" type="stmt"/>
        <line num="51" count="5" type="stmt"/>
        <line num="52" count="5" type="stmt"/>
        <line num="56" count="9" type="stmt"/>
        <line num="58" count="9" type="cond" truecount="1" falsecount="0"/>
        <line num="59" count="4" type="stmt"/>
        <line num="62" count="5" type="stmt"/>
        <line num="63" count="4" type="stmt"/>
      </file>
      <file name="property_service.ts" path="D:\ProjetosGit\fc4-tdd-desafio\src\application\services\property_service.ts">
        <metrics statements="16" coveredstatements="16" conditionals="8" coveredconditionals="8" methods="3" coveredmethods="3"/>
        <line num="1" count="4" type="stmt"/>
        <line num="3" count="4" type="stmt"/>
        <line num="5" count="4" type="stmt"/>
        <line num="6" count="5" type="stmt"/>
        <line num="9" count="8" type="stmt"/>
        <line num="18" count="6" type="cond" truecount="3" falsecount="0"/>
        <line num="19" count="1" type="stmt"/>
        <line num="21" count="5" type="cond" truecount="3" falsecount="0"/>
        <line num="22" count="1" type="stmt"/>
        <line num="24" count="4" type="cond" truecount="1" falsecount="0"/>
        <line num="25" count="1" type="stmt"/>
        <line num="27" count="3" type="cond" truecount="1" falsecount="0"/>
        <line num="28" count="1" type="stmt"/>
        <line num="31" count="2" type="stmt"/>
        <line num="39" count="2" type="stmt"/>
        <line num="40" count="2" type="stmt"/>
      </file>
      <file name="user_service.ts" path="D:\ProjetosGit\fc4-tdd-desafio\src\application\services\user_service.ts">
        <metrics statements="10" coveredstatements="9" conditionals="3" coveredconditionals="2" methods="3" coveredmethods="3"/>
        <line num="1" count="4" type="stmt"/>
        <line num="3" count="4" type="stmt"/>
        <line num="5" count="4" type="stmt"/>
        <line num="6" count="5" type="stmt"/>
        <line num="9" count="1" type="cond" truecount="2" falsecount="1"/>
        <line num="10" count="0" type="stmt"/>
        <line num="13" count="1" type="stmt"/>
        <line num="14" count="1" type="stmt"/>
        <line num="15" count="1" type="stmt"/>
        <line num="19" count="5" type="stmt"/>
      </file>
    </package>
    <package name="domain.cancelation">
      <metrics statements="15" coveredstatements="15" conditionals="3" coveredconditionals="3" methods="4" coveredmethods="4"/>
      <file name="full_refund.ts" path="D:\ProjetosGit\fc4-tdd-desafio\src\domain\cancelation\full_refund.ts">
        <metrics statements="2" coveredstatements="2" conditionals="0" coveredconditionals="0" methods="1" coveredmethods="1"/>
        <line num="3" count="7" type="stmt"/>
        <line num="5" count="1" type="stmt"/>
      </file>
      <file name="no_refund.ts" path="D:\ProjetosGit\fc4-tdd-desafio\src\domain\cancelation\no_refund.ts">
        <metrics statements="2" coveredstatements="2" conditionals="0" coveredconditionals="0" methods="1" coveredmethods="1"/>
        <line num="3" count="7" type="stmt"/>
        <line num="5" count="3" type="stmt"/>
      </file>
      <file name="partial_refund.ts" path="D:\ProjetosGit\fc4-tdd-desafio\src\domain\cancelation\partial_refund.ts">
        <metrics statements="2" coveredstatements="2" conditionals="0" coveredconditionals="0" methods="1" coveredmethods="1"/>
        <line num="3" count="7" type="stmt"/>
        <line num="5" count="4" type="stmt"/>
      </file>
      <file name="refund_rule_factory.ts" path="D:\ProjetosGit\fc4-tdd-desafio\src\domain\cancelation\refund_rule_factory.ts">
        <metrics statements="9" coveredstatements="9" conditionals="3" coveredconditionals="3" methods="1" coveredmethods="1"/>
        <line num="1" count="7" type="stmt"/>
        <line num="2" count="7" type="stmt"/>
        <line num="3" count="7" type="stmt"/>
        <line num="6" count="7" type="stmt"/>
        <line num="8" count="14" type="cond" truecount="2" falsecount="0"/>
        <line num="9" count="2" type="stmt"/>
        <line num="10" count="12" type="cond" truecount="1" falsecount="0"/>
        <line num="11" count="7" type="stmt"/>
        <line num="13" count="5" type="stmt"/>
      </file>
    </package>
    <package name="domain.entities">
      <metrics statements="74" coveredstatements="74" conditionals="12" coveredconditionals="12" methods="24" coveredmethods="24"/>
      <file name="booking.ts" path="D:\ProjetosGit\fc4-tdd-desafio\src\domain\entities\booking.ts">
        <metrics statements="34" coveredstatements="34" conditionals="4" coveredconditionals="4" methods="10" coveredmethods="10"/>
        <line num="3" count="6" type="stmt"/>
        <line num="8" count="6" type="stmt"/>
        <line num="14" count="28" type="stmt"/>
        <line num="25" count="28" type="cond" truecount="1" falsecount="0"/>
        <line num="26" count="1" type="stmt"/>
        <line num="29" count="27" type="cond" truecount="1" falsecount="0"/>
        <line num="30" count="3" type="stmt"/>
        <line num="32" count="24" type="stmt"/>
        <line num="34" count="23" type="cond" truecount="1" falsecount="0"/>
        <line num="35" count="2" type="stmt"/>
        <line num="40" count="21" type="stmt"/>
        <line num="41" count="21" type="stmt"/>
        <line num="42" count="21" type="stmt"/>
        <line num="43" count="21" type="stmt"/>
        <line num="44" count="21" type="stmt"/>
        <line num="45" count="21" type="stmt"/>
        <line num="46" count="21" type="stmt"/>
        <line num="48" count="21" type="stmt"/>
        <line num="52" count="21" type="stmt"/>
        <line num="56" count="12" type="stmt"/>
        <line num="60" count="1" type="stmt"/>
        <line num="64" count="24" type="stmt"/>
        <line num="68" count="11" type="stmt"/>
        <line num="72" count="19" type="stmt"/>
        <line num="76" count="15" type="stmt"/>
        <line num="80" count="11" type="stmt"/>
        <line num="84" count="10" type="cond" truecount="1" falsecount="0"/>
        <line num="85" count="2" type="stmt"/>
        <line num="88" count="8" type="stmt"/>
        <line num="89" count="8" type="stmt"/>
        <line num="90" count="8" type="stmt"/>
        <line num="92" count="8" type="stmt"/>
        <line num="93" count="8" type="stmt"/>
        <line num="94" count="8" type="stmt"/>
      </file>
      <file name="property.ts" path="D:\ProjetosGit\fc4-tdd-desafio\src\domain\entities\property.ts">
        <metrics statements="31" coveredstatements="31" conditionals="6" coveredconditionals="6" methods="11" coveredmethods="11"/>
        <line num="4" count="10" type="stmt"/>
        <line num="6" count="42" type="stmt"/>
        <line num="8" count="42" type="stmt"/>
        <line num="9" count="42" type="stmt"/>
        <line num="10" count="42" type="stmt"/>
        <line num="11" count="42" type="stmt"/>
        <line num="12" count="42" type="stmt"/>
        <line num="14" count="42" type="cond" truecount="1" falsecount="0"/>
        <line num="15" count="1" type="stmt"/>
        <line num="17" count="41" type="cond" truecount="1" falsecount="0"/>
        <line num="18" count="1" type="stmt"/>
        <line num="20" count="40" type="stmt"/>
        <line num="21" count="40" type="stmt"/>
        <line num="22" count="40" type="stmt"/>
        <line num="23" count="40" type="stmt"/>
        <line num="24" count="40" type="stmt"/>
        <line num="28" count="27" type="stmt"/>
        <line num="32" count="17" type="stmt"/>
        <line num="36" count="14" type="stmt"/>
        <line num="40" count="14" type="stmt"/>
        <line num="44" count="14" type="stmt"/>
        <line num="48" count="21" type="cond" truecount="1" falsecount="0"/>
        <line num="49" count="2" type="stmt"/>
        <line num="56" count="20" type="stmt"/>
        <line num="57" count="20" type="stmt"/>
        <line num="59" count="20" type="cond" truecount="1" falsecount="0"/>
        <line num="60" count="6" type="stmt"/>
        <line num="63" count="20" type="stmt"/>
        <line num="67" count="21" type="stmt"/>
        <line num="69" count="3" type="cond" truecount="2" falsecount="0"/>
        <line num="75" count="18" type="stmt"/>
      </file>
      <file name="user.ts" path="D:\ProjetosGit\fc4-tdd-desafio\src\domain\entities\user.ts">
        <metrics statements="9" coveredstatements="9" conditionals="2" coveredconditionals="2" methods="3" coveredmethods="3"/>
        <line num="1" count="11" type="stmt"/>
        <line num="5" count="38" type="cond" truecount="1" falsecount="0"/>
        <line num="6" count="1" type="stmt"/>
        <line num="9" count="37" type="cond" truecount="1" falsecount="0"/>
        <line num="10" count="1" type="stmt"/>
        <line num="13" count="36" type="stmt"/>
        <line num="14" count="36" type="stmt"/>
        <line num="17" count="26" type="stmt"/>
        <line num="21" count="16" type="stmt"/>
      </file>
    </package>
    <package name="domain.value_objects">
      <metrics statements="13" coveredstatements="13" conditionals="4" coveredconditionals="4" methods="6" coveredmethods="6"/>
      <file name="date_range.ts" path="D:\ProjetosGit\fc4-tdd-desafio\src\domain\value_objects\date_range.ts">
        <metrics statements="13" coveredstatements="13" conditionals="4" coveredconditionals="4" methods="6" coveredmethods="6"/>
        <line num="1" count="7" type="stmt"/>
        <line num="6" count="38" type="stmt"/>
        <line num="7" count="36" type="stmt"/>
        <line num="8" count="36" type="stmt"/>
        <line num="12" count="38" type="cond" truecount="1" falsecount="0"/>
        <line num="13" count="1" type="stmt"/>
        <line num="15" count="37" type="cond" truecount="1" falsecount="0"/>
        <line num="16" count="1" type="stmt"/>
        <line num="21" count="23" type="stmt"/>
        <line num="25" count="11" type="stmt"/>
        <line num="29" count="22" type="stmt"/>
        <line num="30" count="22" type="stmt"/>
        <line num="34" count="4" type="stmt"/>
      </file>
    </package>
    <package name="infrastructure.persistence.entities">
      <metrics statements="28" coveredstatements="28" conditionals="0" coveredconditionals="0" methods="5" coveredmethods="5"/>
      <file name="booking_entity.ts" path="D:\ProjetosGit\fc4-tdd-desafio\src\infrastructure\persistence\entities\booking_entity.ts">
        <metrics statements="14" coveredstatements="14" conditionals="0" coveredconditionals="0" methods="3" coveredmethods="3"/>
        <line num="1" count="6" type="stmt"/>
        <line num="9" count="6" type="stmt"/>
        <line num="10" count="6" type="stmt"/>
        <line num="13" count="6" type="stmt"/>
        <line num="15" count="6" type="stmt"/>
        <line num="17" count="4" type="stmt"/>
        <line num="21" count="6" type="stmt"/>
        <line num="23" count="4" type="stmt"/>
        <line num="25" count="6" type="stmt"/>
        <line num="28" count="6" type="stmt"/>
        <line num="31" count="6" type="stmt"/>
        <line num="34" count="6" type="stmt"/>
        <line num="37" count="6" type="stmt"/>
        <line num="40" count="6" type="stmt"/>
      </file>
      <file name="property_entity.ts" path="D:\ProjetosGit\fc4-tdd-desafio\src\infrastructure\persistence\entities\property_entity.ts">
        <metrics statements="10" coveredstatements="10" conditionals="0" coveredconditionals="0" methods="2" coveredmethods="2"/>
        <line num="1" count="6" type="stmt"/>
        <line num="2" count="6" type="stmt"/>
        <line num="5" count="6" type="stmt"/>
        <line num="7" count="6" type="stmt"/>
        <line num="10" count="6" type="stmt"/>
        <line num="13" count="6" type="stmt"/>
        <line num="16" count="6" type="stmt"/>
        <line num="19" count="6" type="stmt"/>
        <line num="21" count="4" type="stmt"/>
        <line num="22" count="6" type="stmt"/>
      </file>
      <file name="user_entity.ts" path="D:\ProjetosGit\fc4-tdd-desafio\src\infrastructure\persistence\entities\user_entity.ts">
        <metrics statements="4" coveredstatements="4" conditionals="0" coveredconditionals="0" methods="0" coveredmethods="0"/>
        <line num="1" count="9" type="stmt"/>
        <line num="4" count="9" type="stmt"/>
        <line num="6" count="9" type="stmt"/>
        <line num="9" count="9" type="stmt"/>
      </file>
    </package>
    <package name="infrastructure.persistence.mappers">
      <metrics statements="50" coveredstatements="50" conditionals="11" coveredconditionals="11" methods="6" coveredmethods="6"/>
      <file name="booking_mapper.ts" path="D:\ProjetosGit\fc4-tdd-desafio\src\infrastructure\persistence\mappers\booking_mapper.ts">
        <metrics statements="26" coveredstatements="26" conditionals="6" coveredconditionals="6" methods="2" coveredmethods="2"/>
        <line num="1" count="3" type="stmt"/>
        <line num="3" count="3" type="stmt"/>
        <line num="4" count="3" type="stmt"/>
        <line num="5" count="3" type="stmt"/>
        <line num="6" count="3" type="stmt"/>
        <line num="8" count="3" type="stmt"/>
        <line num="10" count="8" type="cond" truecount="1" falsecount="0"/>
        <line num="11" count="7" type="cond" truecount="1" falsecount="0"/>
        <line num="12" count="6" type="cond" truecount="1" falsecount="0"/>
        <line num="13" count="5" type="cond" truecount="1" falsecount="0"/>
        <line num="15" count="4" type="stmt"/>
        <line num="16" count="4" type="stmt"/>
        <line num="18" count="4" type="stmt"/>
        <line num="26" count="4" type="stmt"/>
        <line num="27" count="4" type="stmt"/>
        <line num="29" count="4" type="stmt"/>
        <line num="33" count="7" type="stmt"/>
        <line num="34" count="7" type="stmt"/>
        <line num="35" count="7" type="stmt"/>
        <line num="36" count="7" type="stmt"/>
        <line num="37" count="7" type="stmt"/>
        <line num="38" count="7" type="stmt"/>
        <line num="39" count="7" type="stmt"/>
        <line num="40" count="7" type="stmt"/>
        <line num="41" count="7" type="stmt"/>
        <line num="42" count="7" type="stmt"/>
      </file>
      <file name="property_mapper.ts" path="D:\ProjetosGit\fc4-tdd-desafio\src\infrastructure\persistence\mappers\property_mapper.ts">
        <metrics statements="14" coveredstatements="14" conditionals="3" coveredconditionals="3" methods="2" coveredmethods="2"/>
        <line num="1" count="6" type="stmt"/>
        <line num="2" count="6" type="stmt"/>
        <line num="4" count="6" type="stmt"/>
        <line num="7" count="12" type="cond" truecount="1" falsecount="0"/>
        <line num="8" count="11" type="cond" truecount="1" falsecount="0"/>
        <line num="9" count="10" type="cond" truecount="1" falsecount="0"/>
        <line num="11" count="9" type="stmt"/>
        <line num="21" count="12" type="stmt"/>
        <line num="22" count="12" type="stmt"/>
        <line num="23" count="12" type="stmt"/>
        <line num="24" count="12" type="stmt"/>
        <line num="25" count="12" type="stmt"/>
        <line num="26" count="12" type="stmt"/>
        <line num="27" count="12" type="stmt"/>
      </file>
      <file name="user_mapper.ts" path="D:\ProjetosGit\fc4-tdd-desafio\src\infrastructure\persistence\mappers\user_mapper.ts">
        <metrics statements="10" coveredstatements="10" conditionals="2" coveredconditionals="2" methods="2" coveredmethods="2"/>
        <line num="1" count="6" type="stmt"/>
        <line num="2" count="6" type="stmt"/>
        <line num="4" count="6" type="stmt"/>
        <line num="7" count="14" type="cond" truecount="1" falsecount="0"/>
        <line num="8" count="13" type="cond" truecount="1" falsecount="0"/>
        <line num="10" count="12" type="stmt"/>
        <line num="14" count="11" type="stmt"/>
        <line num="15" count="11" type="stmt"/>
        <line num="16" count="11" type="stmt"/>
        <line num="17" count="11" type="stmt"/>
      </file>
    </package>
    <package name="infrastructure.repositories">
      <metrics statements="35" coveredstatements="35" conditionals="14" coveredconditionals="14" methods="21" coveredmethods="21"/>
      <file name="fake_booking_repository.ts" path="D:\ProjetosGit\fc4-tdd-desafio\src\infrastructure\repositories\fake_booking_repository.ts">
        <metrics statements="4" coveredstatements="4" conditionals="2" coveredconditionals="2" methods="4" coveredmethods="4"/>
        <line num="4" count="1" type="stmt"/>
        <line num="5" count="13" type="stmt"/>
        <line num="8" count="6" type="stmt"/>
        <line num="12" count="5" type="cond" truecount="2" falsecount="0"/>
      </file>
      <file name="fake_property_repository.ts" path="D:\ProjetosGit\fc4-tdd-desafio\src\infrastructure\repositories\fake_property_repository.ts">
        <metrics statements="5" coveredstatements="5" conditionals="4" coveredconditionals="4" methods="4" coveredmethods="4"/>
        <line num="1" count="1" type="stmt"/>
        <line num="4" count="1" type="stmt"/>
        <line num="5" count="3" type="stmt"/>
        <line num="11" count="6" type="cond" truecount="4" falsecount="0"/>
        <line num="15" count="1" type="stmt"/>
      </file>
      <file name="fake_user_repository.ts" path="D:\ProjetosGit\fc4-tdd-desafio\src\infrastructure\repositories\fake_user_repository.ts">
        <metrics statements="5" coveredstatements="5" conditionals="2" coveredconditionals="2" methods="4" coveredmethods="4"/>
        <line num="1" count="1" type="stmt"/>
        <line num="4" count="1" type="stmt"/>
        <line num="5" count="3" type="stmt"/>
        <line num="11" count="6" type="cond" truecount="2" falsecount="0"/>
        <line num="15" count="1" type="stmt"/>
      </file>
      <file name="typeorm_booking_repository.ts" path="D:\ProjetosGit\fc4-tdd-desafio\src\infrastructure\repositories\typeorm_booking_repository.ts">
        <metrics statements="7" coveredstatements="7" conditionals="2" coveredconditionals="2" methods="3" coveredmethods="3"/>
        <line num="5" count="2" type="stmt"/>
        <line num="7" count="2" type="stmt"/>
        <line num="11" count="2" type="stmt"/>
        <line num="15" count="6" type="stmt"/>
        <line num="16" count="6" type="stmt"/>
        <line num="20" count="6" type="stmt"/>
        <line num="24" count="6" type="cond" truecount="2" falsecount="0"/>
      </file>
      <file name="typeorm_property_repository.ts" path="D:\ProjetosGit\fc4-tdd-desafio\src\infrastructure\repositories\typeorm_property_repository.ts">
        <metrics statements="7" coveredstatements="7" conditionals="2" coveredconditionals="2" methods="3" coveredmethods="3"/>
        <line num="4" count="3" type="stmt"/>
        <line num="7" count="3" type="stmt"/>
        <line num="11" count="3" type="stmt"/>
        <line num="15" count="4" type="stmt"/>
        <line num="16" count="4" type="stmt"/>
        <line num="20" count="7" type="stmt"/>
        <line num="21" count="7" type="cond" truecount="2" falsecount="0"/>
      </file>
      <file name="typeorm_user_repository.ts" path="D:\ProjetosGit\fc4-tdd-desafio\src\infrastructure\repositories\typeorm_user_repository.ts">
        <metrics statements="7" coveredstatements="7" conditionals="2" coveredconditionals="2" methods="3" coveredmethods="3"/>
        <line num="5" count="3" type="stmt"/>
        <line num="7" count="3" type="stmt"/>
        <line num="11" count="3" type="stmt"/>
        <line num="15" count="3" type="stmt"/>
        <line num="16" count="3" type="stmt"/>
        <line num="20" count="4" type="stmt"/>
        <line num="21" count="4" type="cond" truecount="2" falsecount="0"/>
      </file>
    </package>
    <package name="infrastructure.web">
      <metrics statements="52" coveredstatements="43" conditionals="22" coveredconditionals="18" methods="9" coveredmethods="8"/>
      <file name="booking_controller.ts" path="D:\ProjetosGit\fc4-tdd-desafio\src\infrastructure\web\booking_controller.ts">
        <metrics statements="22" coveredstatements="22" conditionals="14" coveredconditionals="13" methods="3" coveredmethods="3"/>
        <line num="5" count="1" type="stmt"/>
        <line num="9" count="1" type="stmt"/>
        <line num="13" count="9" type="stmt"/>
        <line num="14" count="9" type="stmt"/>
        <line num="15" count="9" type="stmt"/>
        <line num="17" count="9" type="cond" truecount="3" falsecount="0"/>
        <line num="18" count="2" type="stmt"/>
        <line num="23" count="7" type="cond" truecount="3" falsecount="0"/>
        <line num="24" count="1" type="stmt"/>
        <line num="27" count="6" type="cond" truecount="3" falsecount="0"/>
        <line num="28" count="1" type="stmt"/>
        <line num="31" count="5" type="cond" truecount="3" falsecount="0"/>
        <line num="32" count="1" type="stmt"/>
        <line num="35" count="4" type="stmt"/>
        <line num="43" count="4" type="stmt"/>
        <line num="45" count="2" type="stmt"/>
        <line num="59" count="2" type="stmt"/>
        <line num="66" count="3" type="stmt"/>
        <line num="67" count="3" type="stmt"/>
        <line num="68" count="3" type="stmt"/>
        <line num="70" count="1" type="stmt"/>
        <line num="74" count="2" type="stmt"/>
      </file>
      <file name="property_controller.ts" path="D:\ProjetosGit\fc4-tdd-desafio\src\infrastructure\web\property_controller.ts">
        <metrics statements="14" coveredstatements="13" conditionals="1" coveredconditionals="1" methods="3" coveredmethods="3"/>
        <line num="4" count="1" type="stmt"/>
        <line num="5" count="1" type="stmt"/>
        <line num="8" count="6" type="stmt"/>
        <line num="9" count="6" type="stmt"/>
        <line num="10" count="6" type="stmt"/>
        <line num="16" count="2" type="stmt"/>
        <line num="18" count="4" type="stmt"/>
        <line num="23" count="2" type="stmt"/>
        <line num="24" count="2" type="stmt"/>
        <line num="25" count="2" type="stmt"/>
        <line num="27" count="2" type="cond" truecount="1" falsecount="0"/>
        <line num="28" count="1" type="stmt"/>
        <line num="31" count="1" type="stmt"/>
        <line num="33" count="0" type="stmt"/>
      </file>
      <file name="user_controller.ts" path="D:\ProjetosGit\fc4-tdd-desafio\src\infrastructure\web\user_controller.ts">
        <metrics statements="16" coveredstatements="8" conditionals="7" coveredconditionals="4" methods="3" coveredmethods="2"/>
        <line num="4" count="1" type="stmt"/>
        <line num="5" count="1" type="stmt"/>
        <line num="9" count="4" type="stmt"/>
        <line num="10" count="4" type="stmt"/>
        <line num="11" count="4" type="cond" truecount="4" falsecount="0"/>
        <line num="12" count="3" type="stmt"/>
        <line num="15" count="1" type="stmt"/>
        <line num="16" count="1" type="stmt"/>
        <line num="18" count="0" type="stmt"/>
        <line num="23" count="0" type="stmt"/>
        <line num="24" count="0" type="stmt"/>
        <line num="25" count="0" type="stmt"/>
        <line num="27" count="0" type="cond" truecount="0" falsecount="1"/>
        <line num="28" count="0" type="stmt"/>
        <line num="31" count="0" type="stmt"/>
        <line num="33" count="0" type="cond" truecount="0" falsecount="2"/>
      </file>
    </package>
  </project>
</coverage>
