{"D:\\ProjetosGit\\fc4-tdd-desafio\\src\\application\\services\\booking_service.ts": {"path":"D:\\ProjetosGit\\fc4-tdd-desafio\\src\\application\\services\\booking_service.ts","statementMap":{"0":{"start":{"line":1,"column":0},"end":{"line":1,"column":56}},"1":{"start":{"line":3,"column":0},"end":{"line":3,"column":66}},"2":{"start":{"line":7,"column":0},"end":{"line":7,"column":36}},"3":{"start":{"line":11,"column":21},"end":{"line":11,"column":57}},"4":{"start":{"line":12,"column":21},"end":{"line":12,"column":53}},"5":{"start":{"line":13,"column":21},"end":{"line":13,"column":45}},"6":{"start":{"line":17,"column":21},"end":{"line":18,"column":null}},"7":{"start":{"line":20,"column":4},"end":{"line":22,"column":5}},"8":{"start":{"line":21,"column":6},"end":{"line":21,"column":53}},"9":{"start":{"line":24,"column":18},"end":{"line":24,"column":66}},"10":{"start":{"line":25,"column":4},"end":{"line":27,"column":5}},"11":{"start":{"line":26,"column":6},"end":{"line":26,"column":49}},"12":{"start":{"line":29,"column":22},"end":{"line":29,"column":63}},"13":{"start":{"line":31,"column":20},"end":{"line":36,"column":null}},"14":{"start":{"line":39,"column":4},"end":{"line":39,"column":47}},"15":{"start":{"line":40,"column":4},"end":{"line":40,"column":19}},"16":{"start":{"line":44,"column":20},"end":{"line":44,"column":68}},"17":{"start":{"line":46,"column":4},"end":{"line":48,"column":5}},"18":{"start":{"line":47,"column":6},"end":{"line":47,"column":49}},"19":{"start":{"line":50,"column":4},"end":{"line":50,"column":32}},"20":{"start":{"line":51,"column":4},"end":{"line":51,"column":48}},"21":{"start":{"line":9,"column":0},"end":{"line":9,"column":13}}},"fnMap":{"0":{"name":"(anonymous_7)","decl":{"start":{"line":10,"column":2},"end":{"line":10,"column":null}},"loc":{"start":{"line":13,"column":45},"end":{"line":14,"column":6}}},"1":{"name":"(anonymous_8)","decl":{"start":{"line":16,"column":8},"end":{"line":16,"column":21}},"loc":{"start":{"line":16,"column":43},"end":{"line":41,"column":null}}},"2":{"name":"(anonymous_10)","decl":{"start":{"line":43,"column":8},"end":{"line":43,"column":21}},"loc":{"start":{"line":43,"column":39},"end":{"line":52,"column":null}}}},"branchMap":{"0":{"loc":{"start":{"line":20,"column":4},"end":{"line":22,"column":5}},"type":"if","locations":[{"start":{"line":20,"column":4},"end":{"line":22,"column":5}}]},"1":{"loc":{"start":{"line":25,"column":4},"end":{"line":27,"column":5}},"type":"if","locations":[{"start":{"line":25,"column":4},"end":{"line":27,"column":5}}]},"2":{"loc":{"start":{"line":46,"column":4},"end":{"line":48,"column":5}},"type":"if","locations":[{"start":{"line":46,"column":4},"end":{"line":48,"column":5}}]},"3":{"loc":{"start":{"line":50,"column":4},"end":{"line":50,"column":31}},"type":"cond-expr","locations":[{"start":{"line":50,"column":11},"end":{"line":50,"column":13}},{"start":{"line":50,"column":4},"end":{"line":50,"column":31}}]},"4":{"loc":{"start":{"line":50,"column":4},"end":{"line":50,"column":13}},"type":"binary-expr","locations":[{"start":{"line":50,"column":4},"end":{"line":50,"column":13}},{"start":{"line":50,"column":4},"end":{"line":50,"column":13}}]}},"s":{"0":2,"1":2,"2":2,"3":10,"4":10,"5":10,"6":11,"7":11,"8":2,"9":9,"10":9,"11":1,"12":8,"13":8,"14":5,"15":5,"16":6,"17":6,"18":3,"19":3,"20":2,"21":2},"f":{"0":10,"1":11,"2":6},"b":{"0":[2],"1":[1],"2":[3],"3":[0,3],"4":[3,3]}}
,"D:\\ProjetosGit\\fc4-tdd-desafio\\src\\application\\services\\property_service.ts": {"path":"D:\\ProjetosGit\\fc4-tdd-desafio\\src\\application\\services\\property_service.ts","statementMap":{"0":{"start":{"line":1,"column":0},"end":{"line":1,"column":58}},"1":{"start":{"line":3,"column":0},"end":{"line":3,"column":36}},"2":{"start":{"line":6,"column":31},"end":{"line":6,"column":69}},"3":{"start":{"line":9,"column":4},"end":{"line":9,"column":48}},"4":{"start":{"line":18,"column":4},"end":{"line":20,"column":5}},"5":{"start":{"line":19,"column":6},"end":{"line":19,"column":62}},"6":{"start":{"line":21,"column":4},"end":{"line":23,"column":5}},"7":{"start":{"line":22,"column":6},"end":{"line":22,"column":67}},"8":{"start":{"line":24,"column":4},"end":{"line":26,"column":5}},"9":{"start":{"line":25,"column":6},"end":{"line":25,"column":78}},"10":{"start":{"line":27,"column":4},"end":{"line":29,"column":5}},"11":{"start":{"line":28,"column":6},"end":{"line":28,"column":68}},"12":{"start":{"line":31,"column":21},"end":{"line":36,"column":null}},"13":{"start":{"line":39,"column":4},"end":{"line":39,"column":49}},"14":{"start":{"line":40,"column":4},"end":{"line":40,"column":20}},"15":{"start":{"line":5,"column":0},"end":{"line":5,"column":13}}},"fnMap":{"0":{"name":"(anonymous_7)","decl":{"start":{"line":6,"column":2},"end":{"line":6,"column":31}},"loc":{"start":{"line":6,"column":69},"end":{"line":6,"column":73}}},"1":{"name":"(anonymous_8)","decl":{"start":{"line":8,"column":8},"end":{"line":8,"column":24}},"loc":{"start":{"line":8,"column":35},"end":{"line":10,"column":null}}},"2":{"name":"(anonymous_10)","decl":{"start":{"line":12,"column":8},"end":{"line":12,"column":22}},"loc":{"start":{"line":16,"column":29},"end":{"line":41,"column":null}}}},"branchMap":{"0":{"loc":{"start":{"line":18,"column":4},"end":{"line":20,"column":5}},"type":"if","locations":[{"start":{"line":18,"column":4},"end":{"line":20,"column":5}}]},"1":{"loc":{"start":{"line":18,"column":8},"end":{"line":18,"column":35}},"type":"binary-expr","locations":[{"start":{"line":18,"column":8},"end":{"line":18,"column":13}},{"start":{"line":18,"column":17},"end":{"line":18,"column":35}}]},"2":{"loc":{"start":{"line":21,"column":4},"end":{"line":23,"column":5}},"type":"if","locations":[{"start":{"line":21,"column":4},"end":{"line":23,"column":5}}]},"3":{"loc":{"start":{"line":21,"column":8},"end":{"line":21,"column":49}},"type":"binary-expr","locations":[{"start":{"line":21,"column":8},"end":{"line":21,"column":20}},{"start":{"line":21,"column":24},"end":{"line":21,"column":49}}]},"4":{"loc":{"start":{"line":24,"column":4},"end":{"line":26,"column":5}},"type":"if","locations":[{"start":{"line":24,"column":4},"end":{"line":26,"column":5}}]},"5":{"loc":{"start":{"line":27,"column":4},"end":{"line":29,"column":5}},"type":"if","locations":[{"start":{"line":27,"column":4},"end":{"line":29,"column":5}}]}},"s":{"0":4,"1":4,"2":5,"3":9,"4":6,"5":1,"6":5,"7":1,"8":4,"9":1,"10":3,"11":1,"12":2,"13":2,"14":2,"15":4},"f":{"0":5,"1":9,"2":6},"b":{"0":[1],"1":[6,5],"2":[1],"3":[5,4],"4":[1],"5":[1]}}
,"D:\\ProjetosGit\\fc4-tdd-desafio\\src\\application\\services\\user_service.ts": {"path":"D:\\ProjetosGit\\fc4-tdd-desafio\\src\\application\\services\\user_service.ts","statementMap":{"0":{"start":{"line":1,"column":0},"end":{"line":1,"column":50}},"1":{"start":{"line":3,"column":0},"end":{"line":3,"column":36}},"2":{"start":{"line":6,"column":31},"end":{"line":6,"column":61}},"3":{"start":{"line":9,"column":4},"end":{"line":11,"column":5}},"4":{"start":{"line":10,"column":6},"end":{"line":10,"column":53}},"5":{"start":{"line":13,"column":17},"end":{"line":13,"column":41}},"6":{"start":{"line":14,"column":4},"end":{"line":14,"column":41}},"7":{"start":{"line":15,"column":4},"end":{"line":15,"column":16}},"8":{"start":{"line":19,"column":4},"end":{"line":19,"column":44}},"9":{"start":{"line":5,"column":0},"end":{"line":5,"column":13}}},"fnMap":{"0":{"name":"(anonymous_7)","decl":{"start":{"line":6,"column":2},"end":{"line":6,"column":31}},"loc":{"start":{"line":6,"column":61},"end":{"line":6,"column":65}}},"1":{"name":"(anonymous_8)","decl":{"start":{"line":8,"column":8},"end":{"line":8,"column":18}},"loc":{"start":{"line":8,"column":31},"end":{"line":16,"column":null}}},"2":{"name":"(anonymous_10)","decl":{"start":{"line":18,"column":8},"end":{"line":18,"column":20}},"loc":{"start":{"line":18,"column":31},"end":{"line":20,"column":null}}}},"branchMap":{"0":{"loc":{"start":{"line":9,"column":4},"end":{"line":11,"column":5}},"type":"if","locations":[{"start":{"line":9,"column":4},"end":{"line":11,"column":5}}]},"1":{"loc":{"start":{"line":9,"column":8},"end":{"line":9,"column":41}},"type":"binary-expr","locations":[{"start":{"line":9,"column":8},"end":{"line":9,"column":13}},{"start":{"line":9,"column":17},"end":{"line":9,"column":41}}]}},"s":{"0":4,"1":4,"2":5,"3":2,"4":1,"5":1,"6":1,"7":1,"8":6,"9":4},"f":{"0":5,"1":2,"2":6},"b":{"0":[1],"1":[2,1]}}
,"D:\\ProjetosGit\\fc4-tdd-desafio\\src\\domain\\cancelation\\full_refund.ts": {"path":"D:\\ProjetosGit\\fc4-tdd-desafio\\src\\domain\\cancelation\\full_refund.ts","statementMap":{"0":{"start":{"line":5,"column":4},"end":{"line":5,"column":13}},"1":{"start":{"line":3,"column":0},"end":{"line":3,"column":13}}},"fnMap":{"0":{"name":"(anonymous_0)","decl":{"start":{"line":4,"column":2},"end":{"line":4,"column":17}},"loc":{"start":{"line":4,"column":36},"end":{"line":6,"column":3}}}},"branchMap":{},"s":{"0":1,"1":7},"f":{"0":1},"b":{}}
,"D:\\ProjetosGit\\fc4-tdd-desafio\\src\\domain\\cancelation\\no_refund.ts": {"path":"D:\\ProjetosGit\\fc4-tdd-desafio\\src\\domain\\cancelation\\no_refund.ts","statementMap":{"0":{"start":{"line":5,"column":4},"end":{"line":5,"column":22}},"1":{"start":{"line":3,"column":0},"end":{"line":3,"column":13}}},"fnMap":{"0":{"name":"(anonymous_0)","decl":{"start":{"line":4,"column":2},"end":{"line":4,"column":17}},"loc":{"start":{"line":4,"column":36},"end":{"line":6,"column":3}}}},"branchMap":{},"s":{"0":3,"1":7},"f":{"0":3},"b":{}}
,"D:\\ProjetosGit\\fc4-tdd-desafio\\src\\domain\\cancelation\\partial_refund.ts": {"path":"D:\\ProjetosGit\\fc4-tdd-desafio\\src\\domain\\cancelation\\partial_refund.ts","statementMap":{"0":{"start":{"line":5,"column":4},"end":{"line":5,"column":28}},"1":{"start":{"line":3,"column":0},"end":{"line":3,"column":13}}},"fnMap":{"0":{"name":"(anonymous_0)","decl":{"start":{"line":4,"column":2},"end":{"line":4,"column":17}},"loc":{"start":{"line":4,"column":36},"end":{"line":6,"column":3}}}},"branchMap":{},"s":{"0":4,"1":7},"f":{"0":4},"b":{}}
,"D:\\ProjetosGit\\fc4-tdd-desafio\\src\\domain\\cancelation\\refund_rule_factory.ts": {"path":"D:\\ProjetosGit\\fc4-tdd-desafio\\src\\domain\\cancelation\\refund_rule_factory.ts","statementMap":{"0":{"start":{"line":1,"column":0},"end":{"line":1,"column":43}},"1":{"start":{"line":2,"column":0},"end":{"line":2,"column":39}},"2":{"start":{"line":3,"column":0},"end":{"line":3,"column":49}},"3":{"start":{"line":8,"column":4},"end":{"line":12,"column":5}},"4":{"start":{"line":9,"column":6},"end":{"line":9,"column":30}},"5":{"start":{"line":10,"column":11},"end":{"line":12,"column":5}},"6":{"start":{"line":11,"column":6},"end":{"line":11,"column":33}},"7":{"start":{"line":13,"column":4},"end":{"line":13,"column":26}},"8":{"start":{"line":6,"column":0},"end":{"line":6,"column":13}}},"fnMap":{"0":{"name":"(anonymous_0)","decl":{"start":{"line":7,"column":2},"end":{"line":7,"column":8}},"loc":{"start":{"line":7,"column":47},"end":{"line":14,"column":3}}}},"branchMap":{"0":{"loc":{"start":{"line":8,"column":4},"end":{"line":12,"column":5}},"type":"if","locations":[{"start":{"line":8,"column":4},"end":{"line":12,"column":5}},{"start":{"line":10,"column":11},"end":{"line":12,"column":5}}]},"1":{"loc":{"start":{"line":10,"column":11},"end":{"line":12,"column":5}},"type":"if","locations":[{"start":{"line":10,"column":11},"end":{"line":12,"column":5}}]}},"s":{"0":7,"1":7,"2":7,"3":14,"4":2,"5":12,"6":7,"7":5,"8":7},"f":{"0":14},"b":{"0":[2,12],"1":[7]}}
,"D:\\ProjetosGit\\fc4-tdd-desafio\\src\\domain\\entities\\booking.ts": {"path":"D:\\ProjetosGit\\fc4-tdd-desafio\\src\\domain\\entities\\booking.ts","statementMap":{"0":{"start":{"line":3,"column":0},"end":{"line":3,"column":71}},"1":{"start":{"line":14,"column":10},"end":{"line":14,"column":58}},"2":{"start":{"line":25,"column":4},"end":{"line":27,"column":5}},"3":{"start":{"line":26,"column":6},"end":{"line":26,"column":56}},"4":{"start":{"line":29,"column":4},"end":{"line":31,"column":5}},"5":{"start":{"line":30,"column":6},"end":{"line":30,"column":71}},"6":{"start":{"line":32,"column":4},"end":{"line":32,"column":44}},"7":{"start":{"line":34,"column":4},"end":{"line":38,"column":5}},"8":{"start":{"line":35,"column":6},"end":{"line":37,"column":8}},"9":{"start":{"line":40,"column":4},"end":{"line":40,"column":17}},"10":{"start":{"line":41,"column":4},"end":{"line":41,"column":29}},"11":{"start":{"line":42,"column":4},"end":{"line":42,"column":23}},"12":{"start":{"line":43,"column":4},"end":{"line":43,"column":31}},"13":{"start":{"line":44,"column":4},"end":{"line":44,"column":33}},"14":{"start":{"line":45,"column":4},"end":{"line":45,"column":62}},"15":{"start":{"line":46,"column":4},"end":{"line":46,"column":30}},"16":{"start":{"line":48,"column":4},"end":{"line":48,"column":30}},"17":{"start":{"line":52,"column":4},"end":{"line":52,"column":19}},"18":{"start":{"line":56,"column":4},"end":{"line":56,"column":25}},"19":{"start":{"line":60,"column":4},"end":{"line":60,"column":22}},"20":{"start":{"line":64,"column":4},"end":{"line":64,"column":26}},"21":{"start":{"line":68,"column":4},"end":{"line":68,"column":27}},"22":{"start":{"line":72,"column":4},"end":{"line":72,"column":23}},"23":{"start":{"line":76,"column":4},"end":{"line":76,"column":27}},"24":{"start":{"line":80,"column":4},"end":{"line":80,"column":22}},"25":{"start":{"line":84,"column":4},"end":{"line":86,"column":5}},"26":{"start":{"line":85,"column":6},"end":{"line":85,"column":54}},"27":{"start":{"line":88,"column":24},"end":{"line":88,"column":53}},"28":{"start":{"line":89,"column":21},"end":{"line":89,"column":66}},"29":{"start":{"line":90,"column":29},"end":{"line":90,"column":69}},"30":{"start":{"line":92,"column":23},"end":{"line":92,"column":72}},"31":{"start":{"line":93,"column":4},"end":{"line":93,"column":66}},"32":{"start":{"line":94,"column":4},"end":{"line":94,"column":30}},"33":{"start":{"line":8,"column":0},"end":{"line":8,"column":13}}},"fnMap":{"0":{"name":"(anonymous_0)","decl":{"start":{"line":17,"column":2},"end":{"line":17,"column":null}},"loc":{"start":{"line":22,"column":22},"end":{"line":49,"column":3}}},"1":{"name":"(anonymous_1)","decl":{"start":{"line":51,"column":2},"end":{"line":51,"column":7}},"loc":{"start":{"line":51,"column":7},"end":{"line":53,"column":3}}},"2":{"name":"(anonymous_2)","decl":{"start":{"line":55,"column":2},"end":{"line":55,"column":13}},"loc":{"start":{"line":55,"column":13},"end":{"line":57,"column":3}}},"3":{"name":"(anonymous_3)","decl":{"start":{"line":59,"column":2},"end":{"line":59,"column":9}},"loc":{"start":{"line":59,"column":9},"end":{"line":61,"column":3}}},"4":{"name":"(anonymous_4)","decl":{"start":{"line":63,"column":2},"end":{"line":63,"column":14}},"loc":{"start":{"line":63,"column":14},"end":{"line":65,"column":3}}},"5":{"name":"(anonymous_5)","decl":{"start":{"line":67,"column":2},"end":{"line":67,"column":15}},"loc":{"start":{"line":67,"column":15},"end":{"line":69,"column":3}}},"6":{"name":"(anonymous_6)","decl":{"start":{"line":71,"column":2},"end":{"line":71,"column":11}},"loc":{"start":{"line":71,"column":11},"end":{"line":73,"column":3}}},"7":{"name":"(anonymous_7)","decl":{"start":{"line":75,"column":2},"end":{"line":75,"column":15}},"loc":{"start":{"line":75,"column":15},"end":{"line":77,"column":3}}},"8":{"name":"(anonymous_8)","decl":{"start":{"line":79,"column":2},"end":{"line":79,"column":10}},"loc":{"start":{"line":79,"column":10},"end":{"line":81,"column":3}}},"9":{"name":"(anonymous_9)","decl":{"start":{"line":83,"column":2},"end":{"line":83,"column":8}},"loc":{"start":{"line":83,"column":26},"end":{"line":95,"column":3}}}},"branchMap":{"0":{"loc":{"start":{"line":25,"column":4},"end":{"line":27,"column":5}},"type":"if","locations":[{"start":{"line":25,"column":4},"end":{"line":27,"column":5}}]},"1":{"loc":{"start":{"line":29,"column":4},"end":{"line":31,"column":5}},"type":"if","locations":[{"start":{"line":29,"column":4},"end":{"line":31,"column":5}}]},"2":{"loc":{"start":{"line":34,"column":4},"end":{"line":38,"column":5}},"type":"if","locations":[{"start":{"line":34,"column":4},"end":{"line":38,"column":5}}]},"3":{"loc":{"start":{"line":84,"column":4},"end":{"line":86,"column":5}},"type":"if","locations":[{"start":{"line":84,"column":4},"end":{"line":86,"column":5}}]}},"s":{"0":6,"1":29,"2":29,"3":1,"4":28,"5":4,"6":24,"7":23,"8":2,"9":21,"10":21,"11":21,"12":21,"13":21,"14":21,"15":21,"16":21,"17":21,"18":12,"19":1,"20":24,"21":11,"22":19,"23":15,"24":11,"25":10,"26":2,"27":8,"28":8,"29":8,"30":8,"31":8,"32":8,"33":6},"f":{"0":29,"1":21,"2":12,"3":1,"4":24,"5":11,"6":19,"7":15,"8":11,"9":10},"b":{"0":[1],"1":[4],"2":[2],"3":[2]}}
,"D:\\ProjetosGit\\fc4-tdd-desafio\\src\\domain\\entities\\property.ts": {"path":"D:\\ProjetosGit\\fc4-tdd-desafio\\src\\domain\\entities\\property.ts","statementMap":{"0":{"start":{"line":6,"column":4},"end":{"line":6,"column":47}},"1":{"start":{"line":10,"column":12},"end":{"line":10,"column":22}},"2":{"start":{"line":11,"column":12},"end":{"line":11,"column":24}},"3":{"start":{"line":12,"column":12},"end":{"line":12,"column":31}},"4":{"start":{"line":13,"column":12},"end":{"line":13,"column":29}},"5":{"start":{"line":14,"column":12},"end":{"line":14,"column":37}},"6":{"start":{"line":8,"column":19},"end":{"line":8,"column":44}},"7":{"start":{"line":16,"column":4},"end":{"line":18,"column":5}},"8":{"start":{"line":17,"column":6},"end":{"line":17,"column":46}},"9":{"start":{"line":19,"column":4},"end":{"line":21,"column":5}},"10":{"start":{"line":20,"column":6},"end":{"line":20,"column":77}},"11":{"start":{"line":22,"column":4},"end":{"line":22,"column":17}},"12":{"start":{"line":23,"column":4},"end":{"line":23,"column":21}},"13":{"start":{"line":24,"column":4},"end":{"line":24,"column":35}},"14":{"start":{"line":25,"column":4},"end":{"line":25,"column":31}},"15":{"start":{"line":26,"column":4},"end":{"line":26,"column":47}},"16":{"start":{"line":30,"column":4},"end":{"line":30,"column":19}},"17":{"start":{"line":34,"column":4},"end":{"line":34,"column":21}},"18":{"start":{"line":38,"column":4},"end":{"line":38,"column":28}},"19":{"start":{"line":42,"column":4},"end":{"line":42,"column":26}},"20":{"start":{"line":46,"column":4},"end":{"line":46,"column":34}},"21":{"start":{"line":50,"column":4},"end":{"line":54,"column":5}},"22":{"start":{"line":51,"column":6},"end":{"line":53,"column":8}},"23":{"start":{"line":58,"column":24},"end":{"line":58,"column":50}},"24":{"start":{"line":59,"column":21},"end":{"line":59,"column":57}},"25":{"start":{"line":61,"column":4},"end":{"line":63,"column":5}},"26":{"start":{"line":62,"column":6},"end":{"line":62,"column":24}},"27":{"start":{"line":65,"column":4},"end":{"line":65,"column":22}},"28":{"start":{"line":69,"column":4},"end":{"line":73,"column":6}},"29":{"start":{"line":71,"column":8},"end":{"line":72,"column":50}},"30":{"start":{"line":77,"column":4},"end":{"line":77,"column":32}},"31":{"start":{"line":4,"column":0},"end":{"line":4,"column":13}}},"fnMap":{"0":{"name":"(anonymous_0)","decl":{"start":{"line":5,"column":2},"end":{"line":5,"column":13}},"loc":{"start":{"line":5,"column":13},"end":{"line":7,"column":3}}},"1":{"name":"(anonymous_1)","decl":{"start":{"line":9,"column":2},"end":{"line":9,"column":null}},"loc":{"start":{"line":14,"column":37},"end":{"line":27,"column":3}}},"2":{"name":"(anonymous_2)","decl":{"start":{"line":29,"column":2},"end":{"line":29,"column":7}},"loc":{"start":{"line":29,"column":7},"end":{"line":31,"column":3}}},"3":{"name":"(anonymous_3)","decl":{"start":{"line":33,"column":2},"end":{"line":33,"column":9}},"loc":{"start":{"line":33,"column":9},"end":{"line":35,"column":3}}},"4":{"name":"(anonymous_4)","decl":{"start":{"line":37,"column":2},"end":{"line":37,"column":16}},"loc":{"start":{"line":37,"column":16},"end":{"line":39,"column":3}}},"5":{"name":"(anonymous_5)","decl":{"start":{"line":41,"column":2},"end":{"line":41,"column":14}},"loc":{"start":{"line":41,"column":14},"end":{"line":43,"column":3}}},"6":{"name":"(anonymous_6)","decl":{"start":{"line":45,"column":2},"end":{"line":45,"column":22}},"loc":{"start":{"line":45,"column":22},"end":{"line":47,"column":3}}},"7":{"name":"(anonymous_7)","decl":{"start":{"line":49,"column":2},"end":{"line":49,"column":20}},"loc":{"start":{"line":49,"column":39},"end":{"line":55,"column":3}}},"8":{"name":"(anonymous_8)","decl":{"start":{"line":57,"column":2},"end":{"line":57,"column":21}},"loc":{"start":{"line":57,"column":42},"end":{"line":66,"column":3}}},"9":{"name":"(anonymous_9)","decl":{"start":{"line":68,"column":2},"end":{"line":68,"column":13}},"loc":{"start":{"line":68,"column":34},"end":{"line":74,"column":3}}},"10":{"name":"(anonymous_10)","decl":{"start":{"line":70,"column":6},"end":{"line":70,"column":7}},"loc":{"start":{"line":71,"column":8},"end":{"line":72,"column":50}}},"11":{"name":"(anonymous_11)","decl":{"start":{"line":76,"column":2},"end":{"line":76,"column":12}},"loc":{"start":{"line":76,"column":29},"end":{"line":78,"column":3}}}},"branchMap":{"0":{"loc":{"start":{"line":16,"column":4},"end":{"line":18,"column":5}},"type":"if","locations":[{"start":{"line":16,"column":4},"end":{"line":18,"column":5}}]},"1":{"loc":{"start":{"line":19,"column":4},"end":{"line":21,"column":5}},"type":"if","locations":[{"start":{"line":19,"column":4},"end":{"line":21,"column":5}}]},"2":{"loc":{"start":{"line":50,"column":4},"end":{"line":54,"column":5}},"type":"if","locations":[{"start":{"line":50,"column":4},"end":{"line":54,"column":5}}]},"3":{"loc":{"start":{"line":61,"column":4},"end":{"line":63,"column":5}},"type":"if","locations":[{"start":{"line":61,"column":4},"end":{"line":63,"column":5}}]},"4":{"loc":{"start":{"line":71,"column":8},"end":{"line":72,"column":50}},"type":"binary-expr","locations":[{"start":{"line":71,"column":8},"end":{"line":71,"column":43}},{"start":{"line":72,"column":8},"end":{"line":72,"column":50}}]}},"s":{"0":0,"1":43,"2":43,"3":43,"4":43,"5":43,"6":43,"7":43,"8":1,"9":42,"10":1,"11":41,"12":41,"13":41,"14":41,"15":41,"16":27,"17":17,"18":14,"19":14,"20":14,"21":21,"22":2,"23":20,"24":20,"25":20,"26":6,"27":20,"28":21,"29":3,"30":18,"31":10},"f":{"0":0,"1":43,"2":27,"3":17,"4":14,"5":14,"6":14,"7":21,"8":20,"9":21,"10":3,"11":18},"b":{"0":[1],"1":[1],"2":[2],"3":[6],"4":[3,3]}}
,"D:\\ProjetosGit\\fc4-tdd-desafio\\src\\domain\\entities\\user.ts": {"path":"D:\\ProjetosGit\\fc4-tdd-desafio\\src\\domain\\entities\\user.ts","statementMap":{"0":{"start":{"line":5,"column":4},"end":{"line":7,"column":5}},"1":{"start":{"line":6,"column":6},"end":{"line":6,"column":46}},"2":{"start":{"line":9,"column":4},"end":{"line":11,"column":5}},"3":{"start":{"line":10,"column":6},"end":{"line":10,"column":44}},"4":{"start":{"line":13,"column":4},"end":{"line":13,"column":17}},"5":{"start":{"line":14,"column":4},"end":{"line":14,"column":21}},"6":{"start":{"line":17,"column":4},"end":{"line":17,"column":19}},"7":{"start":{"line":21,"column":4},"end":{"line":21,"column":21}},"8":{"start":{"line":1,"column":0},"end":{"line":1,"column":13}}},"fnMap":{"0":{"name":"(anonymous_0)","decl":{"start":{"line":4,"column":2},"end":{"line":4,"column":14}},"loc":{"start":{"line":4,"column":38},"end":{"line":15,"column":3}}},"1":{"name":"(anonymous_1)","decl":{"start":{"line":16,"column":2},"end":{"line":16,"column":7}},"loc":{"start":{"line":16,"column":7},"end":{"line":18,"column":3}}},"2":{"name":"(anonymous_2)","decl":{"start":{"line":20,"column":2},"end":{"line":20,"column":9}},"loc":{"start":{"line":20,"column":9},"end":{"line":22,"column":3}}}},"branchMap":{"0":{"loc":{"start":{"line":5,"column":4},"end":{"line":7,"column":5}},"type":"if","locations":[{"start":{"line":5,"column":4},"end":{"line":7,"column":5}}]},"1":{"loc":{"start":{"line":9,"column":4},"end":{"line":11,"column":5}},"type":"if","locations":[{"start":{"line":9,"column":4},"end":{"line":11,"column":5}}]}},"s":{"0":39,"1":1,"2":38,"3":1,"4":37,"5":37,"6":26,"7":16,"8":11},"f":{"0":39,"1":26,"2":16},"b":{"0":[1],"1":[1]}}
,"D:\\ProjetosGit\\fc4-tdd-desafio\\src\\domain\\value_objects\\date_range.ts": {"path":"D:\\ProjetosGit\\fc4-tdd-desafio\\src\\domain\\value_objects\\date_range.ts","statementMap":{"0":{"start":{"line":6,"column":4},"end":{"line":6,"column":43}},"1":{"start":{"line":7,"column":4},"end":{"line":7,"column":31}},"2":{"start":{"line":8,"column":4},"end":{"line":8,"column":27}},"3":{"start":{"line":12,"column":4},"end":{"line":14,"column":5}},"4":{"start":{"line":13,"column":6},"end":{"line":13,"column":74}},"5":{"start":{"line":15,"column":4},"end":{"line":17,"column":5}},"6":{"start":{"line":16,"column":6},"end":{"line":16,"column":80}},"7":{"start":{"line":21,"column":4},"end":{"line":21,"column":26}},"8":{"start":{"line":25,"column":4},"end":{"line":25,"column":24}},"9":{"start":{"line":29,"column":21},"end":{"line":29,"column":70}},"10":{"start":{"line":30,"column":4},"end":{"line":30,"column":52}},"11":{"start":{"line":34,"column":4},"end":{"line":36,"column":6}},"12":{"start":{"line":1,"column":0},"end":{"line":1,"column":13}}},"fnMap":{"0":{"name":"(anonymous_0)","decl":{"start":{"line":5,"column":2},"end":{"line":5,"column":14}},"loc":{"start":{"line":5,"column":44},"end":{"line":9,"column":3}}},"1":{"name":"(anonymous_1)","decl":{"start":{"line":11,"column":10},"end":{"line":11,"column":23}},"loc":{"start":{"line":11,"column":54},"end":{"line":18,"column":3}}},"2":{"name":"(anonymous_2)","decl":{"start":{"line":20,"column":2},"end":{"line":20,"column":14}},"loc":{"start":{"line":20,"column":14},"end":{"line":22,"column":3}}},"3":{"name":"(anonymous_3)","decl":{"start":{"line":24,"column":2},"end":{"line":24,"column":12}},"loc":{"start":{"line":24,"column":12},"end":{"line":26,"column":3}}},"4":{"name":"(anonymous_4)","decl":{"start":{"line":28,"column":2},"end":{"line":28,"column":16}},"loc":{"start":{"line":28,"column":16},"end":{"line":31,"column":3}}},"5":{"name":"(anonymous_5)","decl":{"start":{"line":33,"column":2},"end":{"line":33,"column":10}},"loc":{"start":{"line":33,"column":27},"end":{"line":37,"column":3}}}},"branchMap":{"0":{"loc":{"start":{"line":12,"column":4},"end":{"line":14,"column":5}},"type":"if","locations":[{"start":{"line":12,"column":4},"end":{"line":14,"column":5}}]},"1":{"loc":{"start":{"line":15,"column":4},"end":{"line":17,"column":5}},"type":"if","locations":[{"start":{"line":15,"column":4},"end":{"line":17,"column":5}}]},"2":{"loc":{"start":{"line":35,"column":6},"end":{"line":35,"column":75}},"type":"binary-expr","locations":[{"start":{"line":35,"column":6},"end":{"line":35,"column":36}},{"start":{"line":35,"column":40},"end":{"line":35,"column":75}}]}},"s":{"0":39,"1":37,"2":37,"3":39,"4":1,"5":38,"6":1,"7":23,"8":11,"9":22,"10":22,"11":4,"12":7},"f":{"0":39,"1":39,"2":23,"3":11,"4":22,"5":4},"b":{"0":[1],"1":[1],"2":[4,4]}}
,"D:\\ProjetosGit\\fc4-tdd-desafio\\src\\infrastructure\\persistence\\entities\\booking_entity.ts": {"path":"D:\\ProjetosGit\\fc4-tdd-desafio\\src\\infrastructure\\persistence\\entities\\booking_entity.ts","statementMap":{"0":{"start":{"line":1,"column":0},"end":{"line":1,"column":null}},"1":{"start":{"line":9,"column":0},"end":{"line":9,"column":51}},"2":{"start":{"line":10,"column":0},"end":{"line":10,"column":43}},"3":{"start":{"line":13,"column":7},"end":{"line":41,"column":null}},"4":{"start":{"line":13,"column":13},"end":{"line":13,"column":26}},"5":{"start":{"line":15,"column":2},"end":{"line":15,"column":null}},"6":{"start":{"line":21,"column":2},"end":{"line":21,"column":null}},"7":{"start":{"line":17,"column":19},"end":{"line":17,"column":33}},"8":{"start":{"line":17,"column":49},"end":{"line":17,"column":66}},"9":{"start":{"line":25,"column":2},"end":{"line":25,"column":null}},"10":{"start":{"line":23,"column":19},"end":{"line":23,"column":29}},"11":{"start":{"line":28,"column":2},"end":{"line":28,"column":null}},"12":{"start":{"line":31,"column":2},"end":{"line":31,"column":null}},"13":{"start":{"line":34,"column":2},"end":{"line":34,"column":null}},"14":{"start":{"line":37,"column":2},"end":{"line":37,"column":null}},"15":{"start":{"line":40,"column":2},"end":{"line":40,"column":null}},"16":{"start":{"line":13,"column":13},"end":{"line":41,"column":null}}},"fnMap":{"0":{"name":"(anonymous_2)","decl":{"start":{"line":17,"column":13},"end":{"line":17,"column":16}},"loc":{"start":{"line":17,"column":19},"end":{"line":17,"column":33}}},"1":{"name":"(anonymous_3)","decl":{"start":{"line":17,"column":35},"end":{"line":17,"column":36}},"loc":{"start":{"line":17,"column":49},"end":{"line":17,"column":66}}},"2":{"name":"(anonymous_4)","decl":{"start":{"line":23,"column":13},"end":{"line":23,"column":16}},"loc":{"start":{"line":23,"column":19},"end":{"line":23,"column":29}}}},"branchMap":{},"s":{"0":6,"1":6,"2":6,"3":6,"4":6,"5":6,"6":6,"7":4,"8":4,"9":6,"10":4,"11":6,"12":6,"13":6,"14":6,"15":6,"16":6},"f":{"0":4,"1":4,"2":4},"b":{}}
,"D:\\ProjetosGit\\fc4-tdd-desafio\\src\\infrastructure\\persistence\\entities\\property_entity.ts": {"path":"D:\\ProjetosGit\\fc4-tdd-desafio\\src\\infrastructure\\persistence\\entities\\property_entity.ts","statementMap":{"0":{"start":{"line":1,"column":0},"end":{"line":1,"column":67}},"1":{"start":{"line":2,"column":0},"end":{"line":2,"column":49}},"2":{"start":{"line":5,"column":7},"end":{"line":23,"column":null}},"3":{"start":{"line":5,"column":13},"end":{"line":5,"column":27}},"4":{"start":{"line":7,"column":2},"end":{"line":7,"column":null}},"5":{"start":{"line":10,"column":2},"end":{"line":10,"column":null}},"6":{"start":{"line":13,"column":2},"end":{"line":13,"column":null}},"7":{"start":{"line":16,"column":2},"end":{"line":16,"column":null}},"8":{"start":{"line":19,"column":2},"end":{"line":19,"column":null}},"9":{"start":{"line":22,"column":2},"end":{"line":22,"column":null}},"10":{"start":{"line":21,"column":19},"end":{"line":21,"column":32}},"11":{"start":{"line":21,"column":47},"end":{"line":21,"column":63}},"12":{"start":{"line":5,"column":13},"end":{"line":23,"column":null}}},"fnMap":{"0":{"name":"(anonymous_2)","decl":{"start":{"line":21,"column":13},"end":{"line":21,"column":16}},"loc":{"start":{"line":21,"column":19},"end":{"line":21,"column":32}}},"1":{"name":"(anonymous_3)","decl":{"start":{"line":21,"column":34},"end":{"line":21,"column":35}},"loc":{"start":{"line":21,"column":47},"end":{"line":21,"column":63}}}},"branchMap":{},"s":{"0":6,"1":6,"2":6,"3":6,"4":6,"5":6,"6":6,"7":6,"8":6,"9":6,"10":4,"11":4,"12":6},"f":{"0":4,"1":4},"b":{}}
,"D:\\ProjetosGit\\fc4-tdd-desafio\\src\\infrastructure\\persistence\\entities\\user_entity.ts": {"path":"D:\\ProjetosGit\\fc4-tdd-desafio\\src\\infrastructure\\persistence\\entities\\user_entity.ts","statementMap":{"0":{"start":{"line":1,"column":0},"end":{"line":1,"column":56}},"1":{"start":{"line":4,"column":7},"end":{"line":10,"column":null}},"2":{"start":{"line":4,"column":13},"end":{"line":4,"column":23}},"3":{"start":{"line":6,"column":2},"end":{"line":6,"column":null}},"4":{"start":{"line":9,"column":2},"end":{"line":9,"column":null}},"5":{"start":{"line":4,"column":13},"end":{"line":10,"column":null}}},"fnMap":{},"branchMap":{},"s":{"0":9,"1":9,"2":9,"3":9,"4":9,"5":9},"f":{},"b":{}}
,"D:\\ProjetosGit\\fc4-tdd-desafio\\src\\infrastructure\\persistence\\mappers\\booking_mapper.ts": {"path":"D:\\ProjetosGit\\fc4-tdd-desafio\\src\\infrastructure\\persistence\\mappers\\booking_mapper.ts","statementMap":{"0":{"start":{"line":1,"column":0},"end":{"line":1,"column":59}},"1":{"start":{"line":3,"column":0},"end":{"line":3,"column":69}},"2":{"start":{"line":4,"column":0},"end":{"line":4,"column":59}},"3":{"start":{"line":5,"column":0},"end":{"line":5,"column":51}},"4":{"start":{"line":6,"column":0},"end":{"line":6,"column":43}},"5":{"start":{"line":10,"column":4},"end":{"line":10,"column":70}},"6":{"start":{"line":10,"column":20},"end":{"line":10,"column":70}},"7":{"start":{"line":11,"column":4},"end":{"line":11,"column":74}},"8":{"start":{"line":11,"column":26},"end":{"line":11,"column":74}},"9":{"start":{"line":12,"column":4},"end":{"line":12,"column":65}},"10":{"start":{"line":12,"column":23},"end":{"line":12,"column":65}},"11":{"start":{"line":13,"column":4},"end":{"line":13,"column":83}},"12":{"start":{"line":13,"column":28},"end":{"line":13,"column":83}},"13":{"start":{"line":15,"column":18},"end":{"line":15,"column":51}},"14":{"start":{"line":16,"column":22},"end":{"line":16,"column":69}},"15":{"start":{"line":18,"column":20},"end":{"line":23,"column":null}},"16":{"start":{"line":26,"column":4},"end":{"line":26,"column":54}},"17":{"start":{"line":27,"column":4},"end":{"line":27,"column":38}},"18":{"start":{"line":29,"column":4},"end":{"line":29,"column":19}},"19":{"start":{"line":33,"column":19},"end":{"line":33,"column":38}},"20":{"start":{"line":34,"column":4},"end":{"line":34,"column":31}},"21":{"start":{"line":35,"column":4},"end":{"line":35,"column":73}},"22":{"start":{"line":36,"column":4},"end":{"line":36,"column":63}},"23":{"start":{"line":37,"column":4},"end":{"line":37,"column":60}},"24":{"start":{"line":38,"column":4},"end":{"line":38,"column":56}},"25":{"start":{"line":39,"column":4},"end":{"line":39,"column":47}},"26":{"start":{"line":40,"column":4},"end":{"line":40,"column":47}},"27":{"start":{"line":41,"column":4},"end":{"line":41,"column":39}},"28":{"start":{"line":42,"column":4},"end":{"line":42,"column":18}},"29":{"start":{"line":8,"column":0},"end":{"line":8,"column":13}}},"fnMap":{"0":{"name":"(anonymous_0)","decl":{"start":{"line":9,"column":2},"end":{"line":9,"column":8}},"loc":{"start":{"line":9,"column":60},"end":{"line":30,"column":3}}},"1":{"name":"(anonymous_1)","decl":{"start":{"line":32,"column":2},"end":{"line":32,"column":8}},"loc":{"start":{"line":32,"column":38},"end":{"line":43,"column":3}}}},"branchMap":{"0":{"loc":{"start":{"line":10,"column":4},"end":{"line":10,"column":70}},"type":"if","locations":[{"start":{"line":10,"column":4},"end":{"line":10,"column":70}}]},"1":{"loc":{"start":{"line":11,"column":4},"end":{"line":11,"column":74}},"type":"if","locations":[{"start":{"line":11,"column":4},"end":{"line":11,"column":74}}]},"2":{"loc":{"start":{"line":12,"column":4},"end":{"line":12,"column":65}},"type":"if","locations":[{"start":{"line":12,"column":4},"end":{"line":12,"column":65}}]},"3":{"loc":{"start":{"line":13,"column":4},"end":{"line":13,"column":83}},"type":"if","locations":[{"start":{"line":13,"column":4},"end":{"line":13,"column":83}}]},"4":{"loc":{"start":{"line":20,"column":6},"end":{"line":20,"column":58}},"type":"binary-expr","locations":[{"start":{"line":20,"column":6},"end":{"line":20,"column":14}},{"start":{"line":20,"column":18},"end":{"line":20,"column":58}}]}},"s":{"0":3,"1":3,"2":3,"3":3,"4":3,"5":8,"6":1,"7":7,"8":1,"9":6,"10":1,"11":5,"12":1,"13":4,"14":4,"15":4,"16":4,"17":4,"18":4,"19":7,"20":7,"21":7,"22":7,"23":7,"24":7,"25":7,"26":7,"27":7,"28":7,"29":3},"f":{"0":8,"1":7},"b":{"0":[1],"1":[1],"2":[1],"3":[1],"4":[4,4]}}
,"D:\\ProjetosGit\\fc4-tdd-desafio\\src\\infrastructure\\persistence\\mappers\\property_mapper.ts": {"path":"D:\\ProjetosGit\\fc4-tdd-desafio\\src\\infrastructure\\persistence\\mappers\\property_mapper.ts","statementMap":{"0":{"start":{"line":1,"column":0},"end":{"line":1,"column":61}},"1":{"start":{"line":2,"column":0},"end":{"line":2,"column":61}},"2":{"start":{"line":7,"column":4},"end":{"line":7,"column":81}},"3":{"start":{"line":7,"column":17},"end":{"line":7,"column":81}},"4":{"start":{"line":8,"column":4},"end":{"line":8,"column":74}},"5":{"start":{"line":8,"column":20},"end":{"line":8,"column":74}},"6":{"start":{"line":9,"column":4},"end":{"line":9,"column":78}},"7":{"start":{"line":9,"column":22},"end":{"line":9,"column":78}},"8":{"start":{"line":10,"column":4},"end":{"line":10,"column":89}},"9":{"start":{"line":10,"column":27},"end":{"line":10,"column":89}},"10":{"start":{"line":12,"column":4},"end":{"line":18,"column":6}},"11":{"start":{"line":22,"column":19},"end":{"line":22,"column":39}},"12":{"start":{"line":23,"column":4},"end":{"line":23,"column":31}},"13":{"start":{"line":24,"column":4},"end":{"line":24,"column":35}},"14":{"start":{"line":25,"column":4},"end":{"line":25,"column":49}},"15":{"start":{"line":26,"column":4},"end":{"line":26,"column":45}},"16":{"start":{"line":27,"column":4},"end":{"line":27,"column":61}},"17":{"start":{"line":28,"column":4},"end":{"line":28,"column":18}},"18":{"start":{"line":4,"column":0},"end":{"line":4,"column":13}}},"fnMap":{"0":{"name":"(anonymous_0)","decl":{"start":{"line":5,"column":2},"end":{"line":5,"column":8}},"loc":{"start":{"line":5,"column":40},"end":{"line":19,"column":3}}},"1":{"name":"(anonymous_1)","decl":{"start":{"line":21,"column":2},"end":{"line":21,"column":8}},"loc":{"start":{"line":21,"column":39},"end":{"line":29,"column":3}}}},"branchMap":{"0":{"loc":{"start":{"line":7,"column":4},"end":{"line":7,"column":81}},"type":"if","locations":[{"start":{"line":7,"column":4},"end":{"line":7,"column":81}}]},"1":{"loc":{"start":{"line":8,"column":4},"end":{"line":8,"column":74}},"type":"if","locations":[{"start":{"line":8,"column":4},"end":{"line":8,"column":74}}]},"2":{"loc":{"start":{"line":9,"column":4},"end":{"line":9,"column":78}},"type":"if","locations":[{"start":{"line":9,"column":4},"end":{"line":9,"column":78}}]},"3":{"loc":{"start":{"line":10,"column":4},"end":{"line":10,"column":89}},"type":"if","locations":[{"start":{"line":10,"column":4},"end":{"line":10,"column":89}}]}},"s":{"0":6,"1":6,"2":13,"3":0,"4":13,"5":1,"6":12,"7":1,"8":11,"9":1,"10":10,"11":12,"12":12,"13":12,"14":12,"15":12,"16":12,"17":12,"18":6},"f":{"0":13,"1":12},"b":{"0":[0],"1":[1],"2":[1],"3":[1]}}
,"D:\\ProjetosGit\\fc4-tdd-desafio\\src\\infrastructure\\persistence\\mappers\\user_mapper.ts": {"path":"D:\\ProjetosGit\\fc4-tdd-desafio\\src\\infrastructure\\persistence\\mappers\\user_mapper.ts","statementMap":{"0":{"start":{"line":1,"column":0},"end":{"line":1,"column":53}},"1":{"start":{"line":2,"column":0},"end":{"line":2,"column":53}},"2":{"start":{"line":7,"column":4},"end":{"line":7,"column":77}},"3":{"start":{"line":7,"column":17},"end":{"line":7,"column":77}},"4":{"start":{"line":8,"column":4},"end":{"line":8,"column":70}},"5":{"start":{"line":8,"column":20},"end":{"line":8,"column":70}},"6":{"start":{"line":9,"column":4},"end":{"line":9,"column":74}},"7":{"start":{"line":9,"column":22},"end":{"line":9,"column":74}},"8":{"start":{"line":11,"column":4},"end":{"line":11,"column":44}},"9":{"start":{"line":15,"column":19},"end":{"line":15,"column":35}},"10":{"start":{"line":16,"column":4},"end":{"line":16,"column":31}},"11":{"start":{"line":17,"column":4},"end":{"line":17,"column":35}},"12":{"start":{"line":18,"column":4},"end":{"line":18,"column":18}},"13":{"start":{"line":4,"column":0},"end":{"line":4,"column":13}}},"fnMap":{"0":{"name":"(anonymous_0)","decl":{"start":{"line":5,"column":2},"end":{"line":5,"column":8}},"loc":{"start":{"line":5,"column":36},"end":{"line":12,"column":3}}},"1":{"name":"(anonymous_1)","decl":{"start":{"line":14,"column":2},"end":{"line":14,"column":8}},"loc":{"start":{"line":14,"column":35},"end":{"line":19,"column":3}}}},"branchMap":{"0":{"loc":{"start":{"line":7,"column":4},"end":{"line":7,"column":77}},"type":"if","locations":[{"start":{"line":7,"column":4},"end":{"line":7,"column":77}}]},"1":{"loc":{"start":{"line":8,"column":4},"end":{"line":8,"column":70}},"type":"if","locations":[{"start":{"line":8,"column":4},"end":{"line":8,"column":70}}]},"2":{"loc":{"start":{"line":9,"column":4},"end":{"line":9,"column":74}},"type":"if","locations":[{"start":{"line":9,"column":4},"end":{"line":9,"column":74}}]}},"s":{"0":6,"1":6,"2":15,"3":0,"4":15,"5":1,"6":14,"7":1,"8":13,"9":11,"10":11,"11":11,"12":11,"13":6},"f":{"0":15,"1":11},"b":{"0":[0],"1":[1],"2":[1]}}
,"D:\\ProjetosGit\\fc4-tdd-desafio\\src\\infrastructure\\repositories\\fake_booking_repository.ts": {"path":"D:\\ProjetosGit\\fc4-tdd-desafio\\src\\infrastructure\\repositories\\fake_booking_repository.ts","statementMap":{"0":{"start":{"line":5,"column":10},"end":{"line":5,"column":35}},"1":{"start":{"line":8,"column":4},"end":{"line":8,"column":32}},"2":{"start":{"line":12,"column":4},"end":{"line":12,"column":75}},"3":{"start":{"line":12,"column":43},"end":{"line":12,"column":65}},"4":{"start":{"line":4,"column":0},"end":{"line":4,"column":13}}},"fnMap":{"0":{"name":"(anonymous_7)","decl":{"start":{"line":4,"column":0},"end":{"line":4,"column":13}},"loc":{"start":{"line":4,"column":0},"end":{"line":14,"column":1}}},"1":{"name":"(anonymous_8)","decl":{"start":{"line":7,"column":8},"end":{"line":7,"column":12}},"loc":{"start":{"line":7,"column":29},"end":{"line":9,"column":null}}},"2":{"name":"(anonymous_10)","decl":{"start":{"line":11,"column":8},"end":{"line":11,"column":16}},"loc":{"start":{"line":11,"column":27},"end":{"line":13,"column":null}}},"3":{"name":"(anonymous_12)","decl":{"start":{"line":12,"column":30},"end":{"line":12,"column":31}},"loc":{"start":{"line":12,"column":43},"end":{"line":12,"column":65}}}},"branchMap":{"0":{"loc":{"start":{"line":12,"column":11},"end":{"line":12,"column":74}},"type":"binary-expr","locations":[{"start":{"line":12,"column":11},"end":{"line":12,"column":66}},{"start":{"line":12,"column":70},"end":{"line":12,"column":74}}]}},"s":{"0":9,"1":4,"2":5,"3":3,"4":1},"f":{"0":9,"1":4,"2":5,"3":3},"b":{"0":[5,2]}}
,"D:\\ProjetosGit\\fc4-tdd-desafio\\src\\infrastructure\\repositories\\fake_property_repository.ts": {"path":"D:\\ProjetosGit\\fc4-tdd-desafio\\src\\infrastructure\\repositories\\fake_property_repository.ts","statementMap":{"0":{"start":{"line":1,"column":0},"end":{"line":1,"column":58}},"1":{"start":{"line":5,"column":10},"end":{"line":8,"column":4}},"2":{"start":{"line":11,"column":4},"end":{"line":11,"column":79}},"3":{"start":{"line":11,"column":46},"end":{"line":11,"column":69}},"4":{"start":{"line":15,"column":4},"end":{"line":15,"column":35}},"5":{"start":{"line":4,"column":0},"end":{"line":4,"column":13}}},"fnMap":{"0":{"name":"(anonymous_7)","decl":{"start":{"line":4,"column":0},"end":{"line":4,"column":13}},"loc":{"start":{"line":4,"column":0},"end":{"line":17,"column":1}}},"1":{"name":"(anonymous_8)","decl":{"start":{"line":10,"column":8},"end":{"line":10,"column":16}},"loc":{"start":{"line":10,"column":27},"end":{"line":12,"column":null}}},"2":{"name":"(anonymous_10)","decl":{"start":{"line":11,"column":32},"end":{"line":11,"column":33}},"loc":{"start":{"line":11,"column":46},"end":{"line":11,"column":69}}},"3":{"name":"(anonymous_11)","decl":{"start":{"line":14,"column":8},"end":{"line":14,"column":12}},"loc":{"start":{"line":14,"column":31},"end":{"line":16,"column":null}}}},"branchMap":{"0":{"loc":{"start":{"line":11,"column":11},"end":{"line":11,"column":78}},"type":"cond-expr","locations":[{"start":{"line":11,"column":70},"end":{"line":11,"column":74}},{"start":{"line":11,"column":74},"end":{"line":11,"column":78}}]},"1":{"loc":{"start":{"line":11,"column":11},"end":{"line":11,"column":74}},"type":"binary-expr","locations":[{"start":{"line":11,"column":11},"end":{"line":11,"column":74}},{"start":{"line":11,"column":70},"end":{"line":11,"column":74}}]}},"s":{"0":1,"1":3,"2":3,"3":6,"4":1,"5":1},"f":{"0":3,"1":3,"2":6,"3":1},"b":{"0":[2,1],"1":[3,3]}}
,"D:\\ProjetosGit\\fc4-tdd-desafio\\src\\infrastructure\\repositories\\fake_user_repository.ts": {"path":"D:\\ProjetosGit\\fc4-tdd-desafio\\src\\infrastructure\\repositories\\fake_user_repository.ts","statementMap":{"0":{"start":{"line":1,"column":0},"end":{"line":1,"column":50}},"1":{"start":{"line":5,"column":10},"end":{"line":8,"column":4}},"2":{"start":{"line":11,"column":4},"end":{"line":11,"column":66}},"3":{"start":{"line":11,"column":37},"end":{"line":11,"column":56}},"4":{"start":{"line":15,"column":4},"end":{"line":15,"column":26}},"5":{"start":{"line":4,"column":0},"end":{"line":4,"column":13}}},"fnMap":{"0":{"name":"(anonymous_7)","decl":{"start":{"line":4,"column":0},"end":{"line":4,"column":13}},"loc":{"start":{"line":4,"column":0},"end":{"line":17,"column":1}}},"1":{"name":"(anonymous_8)","decl":{"start":{"line":10,"column":8},"end":{"line":10,"column":16}},"loc":{"start":{"line":10,"column":27},"end":{"line":12,"column":null}}},"2":{"name":"(anonymous_10)","decl":{"start":{"line":11,"column":27},"end":{"line":11,"column":28}},"loc":{"start":{"line":11,"column":37},"end":{"line":11,"column":56}}},"3":{"name":"(anonymous_11)","decl":{"start":{"line":14,"column":8},"end":{"line":14,"column":12}},"loc":{"start":{"line":14,"column":23},"end":{"line":16,"column":null}}}},"branchMap":{"0":{"loc":{"start":{"line":11,"column":11},"end":{"line":11,"column":65}},"type":"binary-expr","locations":[{"start":{"line":11,"column":11},"end":{"line":11,"column":57}},{"start":{"line":11,"column":61},"end":{"line":11,"column":65}}]}},"s":{"0":1,"1":3,"2":3,"3":6,"4":1,"5":1},"f":{"0":3,"1":3,"2":6,"3":1},"b":{"0":[3,1]}}
,"D:\\ProjetosGit\\fc4-tdd-desafio\\src\\infrastructure\\repositories\\typeorm_booking_repository.ts": {"path":"D:\\ProjetosGit\\fc4-tdd-desafio\\src\\infrastructure\\repositories\\typeorm_booking_repository.ts","statementMap":{"0":{"start":{"line":5,"column":0},"end":{"line":5,"column":70}},"1":{"start":{"line":11,"column":4},"end":{"line":11,"column":33}},"2":{"start":{"line":15,"column":26},"end":{"line":15,"column":62}},"3":{"start":{"line":16,"column":4},"end":{"line":16,"column":46}},"4":{"start":{"line":20,"column":26},"end":{"line":23,"column":6}},"5":{"start":{"line":24,"column":4},"end":{"line":24,"column":72}},"6":{"start":{"line":7,"column":0},"end":{"line":7,"column":13}}},"fnMap":{"0":{"name":"(anonymous_7)","decl":{"start":{"line":10,"column":2},"end":{"line":10,"column":14}},"loc":{"start":{"line":10,"column":51},"end":{"line":12,"column":3}}},"1":{"name":"(anonymous_8)","decl":{"start":{"line":14,"column":8},"end":{"line":14,"column":12}},"loc":{"start":{"line":14,"column":29},"end":{"line":17,"column":null}}},"2":{"name":"(anonymous_10)","decl":{"start":{"line":19,"column":8},"end":{"line":19,"column":16}},"loc":{"start":{"line":19,"column":27},"end":{"line":25,"column":null}}}},"branchMap":{"0":{"loc":{"start":{"line":24,"column":11},"end":{"line":24,"column":71}},"type":"cond-expr","locations":[{"start":{"line":24,"column":27},"end":{"line":24,"column":64}},{"start":{"line":24,"column":67},"end":{"line":24,"column":71}}]}},"s":{"0":2,"1":2,"2":6,"3":6,"4":5,"5":5,"6":2},"f":{"0":2,"1":6,"2":5},"b":{"0":[3,2]}}
,"D:\\ProjetosGit\\fc4-tdd-desafio\\src\\infrastructure\\repositories\\typeorm_property_repository.ts": {"path":"D:\\ProjetosGit\\fc4-tdd-desafio\\src\\infrastructure\\repositories\\typeorm_property_repository.ts","statementMap":{"0":{"start":{"line":4,"column":0},"end":{"line":4,"column":72}},"1":{"start":{"line":11,"column":4},"end":{"line":11,"column":33}},"2":{"start":{"line":15,"column":27},"end":{"line":15,"column":65}},"3":{"start":{"line":16,"column":4},"end":{"line":16,"column":47}},"4":{"start":{"line":20,"column":27},"end":{"line":20,"column":75}},"5":{"start":{"line":21,"column":4},"end":{"line":21,"column":75}},"6":{"start":{"line":7,"column":0},"end":{"line":7,"column":13}}},"fnMap":{"0":{"name":"(anonymous_7)","decl":{"start":{"line":10,"column":2},"end":{"line":10,"column":14}},"loc":{"start":{"line":10,"column":52},"end":{"line":12,"column":3}}},"1":{"name":"(anonymous_8)","decl":{"start":{"line":14,"column":8},"end":{"line":14,"column":12}},"loc":{"start":{"line":14,"column":31},"end":{"line":17,"column":null}}},"2":{"name":"(anonymous_10)","decl":{"start":{"line":19,"column":8},"end":{"line":19,"column":16}},"loc":{"start":{"line":19,"column":27},"end":{"line":22,"column":null}}}},"branchMap":{"0":{"loc":{"start":{"line":21,"column":11},"end":{"line":21,"column":74}},"type":"cond-expr","locations":[{"start":{"line":21,"column":28},"end":{"line":21,"column":67}},{"start":{"line":21,"column":70},"end":{"line":21,"column":74}}]}},"s":{"0":3,"1":3,"2":4,"3":4,"4":8,"5":8,"6":3},"f":{"0":3,"1":4,"2":8},"b":{"0":[5,3]}}
,"D:\\ProjetosGit\\fc4-tdd-desafio\\src\\infrastructure\\repositories\\typeorm_user_repository.ts": {"path":"D:\\ProjetosGit\\fc4-tdd-desafio\\src\\infrastructure\\repositories\\typeorm_user_repository.ts","statementMap":{"0":{"start":{"line":5,"column":0},"end":{"line":5,"column":64}},"1":{"start":{"line":11,"column":4},"end":{"line":11,"column":33}},"2":{"start":{"line":15,"column":23},"end":{"line":15,"column":53}},"3":{"start":{"line":16,"column":4},"end":{"line":16,"column":43}},"4":{"start":{"line":20,"column":23},"end":{"line":20,"column":71}},"5":{"start":{"line":21,"column":4},"end":{"line":21,"column":63}},"6":{"start":{"line":7,"column":0},"end":{"line":7,"column":13}}},"fnMap":{"0":{"name":"(anonymous_7)","decl":{"start":{"line":10,"column":2},"end":{"line":10,"column":14}},"loc":{"start":{"line":10,"column":48},"end":{"line":12,"column":3}}},"1":{"name":"(anonymous_8)","decl":{"start":{"line":14,"column":8},"end":{"line":14,"column":12}},"loc":{"start":{"line":14,"column":23},"end":{"line":17,"column":null}}},"2":{"name":"(anonymous_10)","decl":{"start":{"line":19,"column":8},"end":{"line":19,"column":16}},"loc":{"start":{"line":19,"column":27},"end":{"line":22,"column":null}}}},"branchMap":{"0":{"loc":{"start":{"line":21,"column":11},"end":{"line":21,"column":62}},"type":"cond-expr","locations":[{"start":{"line":21,"column":24},"end":{"line":21,"column":55}},{"start":{"line":21,"column":58},"end":{"line":21,"column":62}}]}},"s":{"0":3,"1":3,"2":3,"3":3,"4":5,"5":5,"6":3},"f":{"0":3,"1":3,"2":5},"b":{"0":[4,1]}}
,"D:\\ProjetosGit\\fc4-tdd-desafio\\src\\infrastructure\\web\\booking_controller.ts": {"path":"D:\\ProjetosGit\\fc4-tdd-desafio\\src\\infrastructure\\web\\booking_controller.ts","statementMap":{"0":{"start":{"line":9,"column":4},"end":{"line":9,"column":41}},"1":{"start":{"line":13,"column":4},"end":{"line":50,"column":5}},"2":{"start":{"line":14,"column":24},"end":{"line":14,"column":52}},"3":{"start":{"line":15,"column":22},"end":{"line":15,"column":48}},"4":{"start":{"line":17,"column":6},"end":{"line":21,"column":7}},"5":{"start":{"line":18,"column":8},"end":{"line":20,"column":64}},"6":{"start":{"line":23,"column":36},"end":{"line":29,"column":8}},"7":{"start":{"line":31,"column":22},"end":{"line":31,"column":66}},"8":{"start":{"line":33,"column":6},"end":{"line":45,"column":9}},"9":{"start":{"line":47,"column":6},"end":{"line":49,"column":76}},"10":{"start":{"line":54,"column":4},"end":{"line":63,"column":5}},"11":{"start":{"line":55,"column":24},"end":{"line":55,"column":37}},"12":{"start":{"line":56,"column":6},"end":{"line":56,"column":57}},"13":{"start":{"line":58,"column":6},"end":{"line":60,"column":61}},"14":{"start":{"line":62,"column":6},"end":{"line":62,"column":74}},"15":{"start":{"line":5,"column":0},"end":{"line":5,"column":13}}},"fnMap":{"0":{"name":"(anonymous_7)","decl":{"start":{"line":8,"column":2},"end":{"line":8,"column":14}},"loc":{"start":{"line":8,"column":44},"end":{"line":10,"column":3}}},"1":{"name":"(anonymous_8)","decl":{"start":{"line":12,"column":8},"end":{"line":12,"column":21}},"loc":{"start":{"line":12,"column":49},"end":{"line":51,"column":null}}},"2":{"name":"(anonymous_10)","decl":{"start":{"line":53,"column":8},"end":{"line":53,"column":21}},"loc":{"start":{"line":53,"column":49},"end":{"line":64,"column":null}}}},"branchMap":{"0":{"loc":{"start":{"line":17,"column":6},"end":{"line":21,"column":7}},"type":"if","locations":[{"start":{"line":17,"column":6},"end":{"line":21,"column":7}}]},"1":{"loc":{"start":{"line":17,"column":10},"end":{"line":17,"column":64}},"type":"binary-expr","locations":[{"start":{"line":17,"column":10},"end":{"line":17,"column":36}},{"start":{"line":17,"column":40},"end":{"line":17,"column":64}}]},"2":{"loc":{"start":{"line":49,"column":25},"end":{"line":49,"column":72}},"type":"binary-expr","locations":[{"start":{"line":49,"column":25},"end":{"line":49,"column":38}},{"start":{"line":49,"column":42},"end":{"line":49,"column":72}}]}},"s":{"0":1,"1":6,"2":6,"3":6,"4":6,"5":2,"6":4,"7":4,"8":2,"9":2,"10":2,"11":2,"12":2,"13":1,"14":1,"15":1},"f":{"0":1,"1":6,"2":2},"b":{"0":[2],"1":[6,5],"2":[2,0]}}
,"D:\\ProjetosGit\\fc4-tdd-desafio\\src\\infrastructure\\web\\property_controller.ts": {"path":"D:\\ProjetosGit\\fc4-tdd-desafio\\src\\infrastructure\\web\\property_controller.ts","statementMap":{"0":{"start":{"line":5,"column":31},"end":{"line":5,"column":63}},"1":{"start":{"line":8,"column":4},"end":{"line":19,"column":5}},"2":{"start":{"line":9,"column":66},"end":{"line":9,"column":74}},"3":{"start":{"line":10,"column":23},"end":{"line":14,"column":null}},"4":{"start":{"line":16,"column":6},"end":{"line":16,"column":44}},"5":{"start":{"line":18,"column":6},"end":{"line":18,"column":60}},"6":{"start":{"line":23,"column":4},"end":{"line":34,"column":5}},"7":{"start":{"line":24,"column":21},"end":{"line":24,"column":31}},"8":{"start":{"line":25,"column":23},"end":{"line":25,"column":70}},"9":{"start":{"line":27,"column":6},"end":{"line":29,"column":7}},"10":{"start":{"line":28,"column":8},"end":{"line":28,"column":78}},"11":{"start":{"line":31,"column":6},"end":{"line":31,"column":44}},"12":{"start":{"line":33,"column":6},"end":{"line":33,"column":74}},"13":{"start":{"line":4,"column":0},"end":{"line":4,"column":13}}},"fnMap":{"0":{"name":"(anonymous_7)","decl":{"start":{"line":5,"column":2},"end":{"line":5,"column":31}},"loc":{"start":{"line":5,"column":63},"end":{"line":5,"column":67}}},"1":{"name":"(anonymous_8)","decl":{"start":{"line":7,"column":8},"end":{"line":7,"column":22}},"loc":{"start":{"line":7,"column":50},"end":{"line":20,"column":null}}},"2":{"name":"(anonymous_10)","decl":{"start":{"line":22,"column":8},"end":{"line":22,"column":24}},"loc":{"start":{"line":22,"column":52},"end":{"line":35,"column":null}}}},"branchMap":{"0":{"loc":{"start":{"line":27,"column":6},"end":{"line":29,"column":7}},"type":"if","locations":[{"start":{"line":27,"column":6},"end":{"line":29,"column":7}}]}},"s":{"0":1,"1":6,"2":6,"3":6,"4":2,"5":4,"6":2,"7":2,"8":2,"9":2,"10":1,"11":1,"12":0,"13":1},"f":{"0":1,"1":6,"2":2},"b":{"0":[1]}}
,"D:\\ProjetosGit\\fc4-tdd-desafio\\src\\infrastructure\\web\\user_controller.ts": {"path":"D:\\ProjetosGit\\fc4-tdd-desafio\\src\\infrastructure\\web\\user_controller.ts","statementMap":{"0":{"start":{"line":5,"column":31},"end":{"line":5,"column":55}},"1":{"start":{"line":8,"column":4},"end":{"line":14,"column":5}},"2":{"start":{"line":9,"column":23},"end":{"line":9,"column":31}},"3":{"start":{"line":10,"column":19},"end":{"line":10,"column":58}},"4":{"start":{"line":11,"column":6},"end":{"line":11,"column":40}},"5":{"start":{"line":13,"column":6},"end":{"line":13,"column":60}},"6":{"start":{"line":18,"column":4},"end":{"line":29,"column":5}},"7":{"start":{"line":19,"column":21},"end":{"line":19,"column":31}},"8":{"start":{"line":20,"column":19},"end":{"line":20,"column":58}},"9":{"start":{"line":22,"column":6},"end":{"line":24,"column":7}},"10":{"start":{"line":23,"column":8},"end":{"line":23,"column":74}},"11":{"start":{"line":26,"column":6},"end":{"line":26,"column":40}},"12":{"start":{"line":28,"column":6},"end":{"line":28,"column":74}},"13":{"start":{"line":4,"column":0},"end":{"line":4,"column":13}}},"fnMap":{"0":{"name":"(anonymous_7)","decl":{"start":{"line":5,"column":2},"end":{"line":5,"column":31}},"loc":{"start":{"line":5,"column":55},"end":{"line":5,"column":59}}},"1":{"name":"(anonymous_8)","decl":{"start":{"line":7,"column":8},"end":{"line":7,"column":18}},"loc":{"start":{"line":7,"column":46},"end":{"line":15,"column":null}}},"2":{"name":"(anonymous_10)","decl":{"start":{"line":17,"column":8},"end":{"line":17,"column":20}},"loc":{"start":{"line":17,"column":48},"end":{"line":30,"column":null}}}},"branchMap":{"0":{"loc":{"start":{"line":22,"column":6},"end":{"line":24,"column":7}},"type":"if","locations":[{"start":{"line":22,"column":6},"end":{"line":24,"column":7}}]}},"s":{"0":1,"1":2,"2":2,"3":2,"4":1,"5":1,"6":0,"7":0,"8":0,"9":0,"10":0,"11":0,"12":0,"13":1},"f":{"0":1,"1":2,"2":0},"b":{"0":[0]}}
}
