TN:
SF:src\application\services\booking_service.ts
FN:10,(anonymous_7)
FN:16,(anonymous_8)
FN:55,(anonymous_10)
FNF:3
FNH:3
FNDA:14,(anonymous_7)
FNDA:12,(anonymous_8)
FNDA:9,(anonymous_10)
DA:1,2
DA:3,2
DA:7,2
DA:9,2
DA:11,14
DA:12,14
DA:13,14
DA:17,12
DA:19,12
DA:20,1
DA:24,11
DA:25,1
DA:28,10
DA:32,10
DA:33,2
DA:36,8
DA:37,8
DA:38,1
DA:41,7
DA:43,7
DA:51,5
DA:52,5
DA:56,9
DA:58,9
DA:59,4
DA:62,5
DA:63,4
LF:27
LH:27
BRDA:19,0,0,1
BRDA:24,1,0,1
BRDA:32,2,0,2
BRDA:37,3,0,1
BRDA:58,4,0,4
BRF:5
BRH:5
end_of_record
TN:
SF:src\application\services\property_service.ts
FN:6,(anonymous_7)
FN:8,(anonymous_8)
FN:12,(anonymous_10)
FNF:3
FNH:3
FNDA:5,(anonymous_7)
FNDA:8,(anonymous_8)
FNDA:6,(anonymous_10)
DA:1,4
DA:3,4
DA:5,4
DA:6,5
DA:9,8
DA:18,6
DA:19,1
DA:21,5
DA:22,1
DA:24,4
DA:25,1
DA:27,3
DA:28,1
DA:31,2
DA:39,2
DA:40,2
LF:16
LH:16
BRDA:18,0,0,1
BRDA:18,1,0,6
BRDA:18,1,1,5
BRDA:21,2,0,1
BRDA:21,3,0,5
BRDA:21,3,1,4
BRDA:24,4,0,1
BRDA:27,5,0,1
BRF:8
BRH:8
end_of_record
TN:
SF:src\application\services\user_service.ts
FN:6,(anonymous_7)
FN:8,(anonymous_8)
FN:18,(anonymous_10)
FNF:3
FNH:3
FNDA:5,(anonymous_7)
FNDA:1,(anonymous_8)
FNDA:5,(anonymous_10)
DA:1,4
DA:3,4
DA:5,4
DA:6,5
DA:9,1
DA:10,0
DA:13,1
DA:14,1
DA:15,1
DA:19,5
LF:10
LH:9
BRDA:9,0,0,0
BRDA:9,1,0,1
BRDA:9,1,1,1
BRF:3
BRH:2
end_of_record
TN:
SF:src\domain\cancelation\full_refund.ts
FN:4,(anonymous_0)
FNF:1
FNH:1
FNDA:1,(anonymous_0)
DA:3,7
DA:5,1
LF:2
LH:2
BRF:0
BRH:0
end_of_record
TN:
SF:src\domain\cancelation\no_refund.ts
FN:4,(anonymous_0)
FNF:1
FNH:1
FNDA:3,(anonymous_0)
DA:3,7
DA:5,3
LF:2
LH:2
BRF:0
BRH:0
end_of_record
TN:
SF:src\domain\cancelation\partial_refund.ts
FN:4,(anonymous_0)
FNF:1
FNH:1
FNDA:4,(anonymous_0)
DA:3,7
DA:5,4
LF:2
LH:2
BRF:0
BRH:0
end_of_record
TN:
SF:src\domain\cancelation\refund_rule_factory.ts
FN:7,(anonymous_0)
FNF:1
FNH:1
FNDA:14,(anonymous_0)
DA:1,7
DA:2,7
DA:3,7
DA:6,7
DA:8,14
DA:9,2
DA:10,12
DA:11,7
DA:13,5
LF:9
LH:9
BRDA:8,0,0,2
BRDA:8,0,1,12
BRDA:10,1,0,7
BRF:3
BRH:3
end_of_record
TN:
SF:src\domain\entities\booking.ts
FN:17,(anonymous_0)
FN:51,(anonymous_1)
FN:55,(anonymous_2)
FN:59,(anonymous_3)
FN:63,(anonymous_4)
FN:67,(anonymous_5)
FN:71,(anonymous_6)
FN:75,(anonymous_7)
FN:79,(anonymous_8)
FN:83,(anonymous_9)
FNF:10
FNH:10
FNDA:28,(anonymous_0)
FNDA:21,(anonymous_1)
FNDA:12,(anonymous_2)
FNDA:1,(anonymous_3)
FNDA:24,(anonymous_4)
FNDA:11,(anonymous_5)
FNDA:19,(anonymous_6)
FNDA:15,(anonymous_7)
FNDA:11,(anonymous_8)
FNDA:10,(anonymous_9)
DA:3,6
DA:8,6
DA:14,28
DA:25,28
DA:26,1
DA:29,27
DA:30,3
DA:32,24
DA:34,23
DA:35,2
DA:40,21
DA:41,21
DA:42,21
DA:43,21
DA:44,21
DA:45,21
DA:46,21
DA:48,21
DA:52,21
DA:56,12
DA:60,1
DA:64,24
DA:68,11
DA:72,19
DA:76,15
DA:80,11
DA:84,10
DA:85,2
DA:88,8
DA:89,8
DA:90,8
DA:92,8
DA:93,8
DA:94,8
LF:34
LH:34
BRDA:25,0,0,1
BRDA:29,1,0,3
BRDA:34,2,0,2
BRDA:84,3,0,2
BRF:4
BRH:4
end_of_record
TN:
SF:src\domain\entities\property.ts
FN:7,(anonymous_0)
FN:27,(anonymous_1)
FN:31,(anonymous_2)
FN:35,(anonymous_3)
FN:39,(anonymous_4)
FN:43,(anonymous_5)
FN:47,(anonymous_6)
FN:55,(anonymous_7)
FN:66,(anonymous_8)
FN:68,(anonymous_9)
FN:74,(anonymous_10)
FNF:11
FNH:11
FNDA:42,(anonymous_0)
FNDA:27,(anonymous_1)
FNDA:17,(anonymous_2)
FNDA:14,(anonymous_3)
FNDA:14,(anonymous_4)
FNDA:14,(anonymous_5)
FNDA:21,(anonymous_6)
FNDA:20,(anonymous_7)
FNDA:21,(anonymous_8)
FNDA:3,(anonymous_9)
FNDA:18,(anonymous_10)
DA:4,10
DA:6,42
DA:8,42
DA:9,42
DA:10,42
DA:11,42
DA:12,42
DA:14,42
DA:15,1
DA:17,41
DA:18,1
DA:20,40
DA:21,40
DA:22,40
DA:23,40
DA:24,40
DA:28,27
DA:32,17
DA:36,14
DA:40,14
DA:44,14
DA:48,21
DA:49,2
DA:56,20
DA:57,20
DA:59,20
DA:60,6
DA:63,20
DA:67,21
DA:69,3
DA:75,18
LF:31
LH:31
BRDA:14,0,0,1
BRDA:17,1,0,1
BRDA:48,2,0,2
BRDA:59,3,0,6
BRDA:69,4,0,3
BRDA:69,4,1,3
BRF:6
BRH:6
end_of_record
TN:
SF:src\domain\entities\user.ts
FN:4,(anonymous_0)
FN:16,(anonymous_1)
FN:20,(anonymous_2)
FNF:3
FNH:3
FNDA:38,(anonymous_0)
FNDA:26,(anonymous_1)
FNDA:16,(anonymous_2)
DA:1,11
DA:5,38
DA:6,1
DA:9,37
DA:10,1
DA:13,36
DA:14,36
DA:17,26
DA:21,16
LF:9
LH:9
BRDA:5,0,0,1
BRDA:9,1,0,1
BRF:2
BRH:2
end_of_record
TN:
SF:src\domain\value_objects\date_range.ts
FN:5,(anonymous_0)
FN:11,(anonymous_1)
FN:20,(anonymous_2)
FN:24,(anonymous_3)
FN:28,(anonymous_4)
FN:33,(anonymous_5)
FNF:6
FNH:6
FNDA:38,(anonymous_0)
FNDA:38,(anonymous_1)
FNDA:23,(anonymous_2)
FNDA:11,(anonymous_3)
FNDA:22,(anonymous_4)
FNDA:4,(anonymous_5)
DA:1,7
DA:6,38
DA:7,36
DA:8,36
DA:12,38
DA:13,1
DA:15,37
DA:16,1
DA:21,23
DA:25,11
DA:29,22
DA:30,22
DA:34,4
LF:13
LH:13
BRDA:12,0,0,1
BRDA:15,1,0,1
BRDA:35,2,0,4
BRDA:35,2,1,4
BRF:4
BRH:4
end_of_record
TN:
SF:src\infrastructure\persistence\entities\booking_entity.ts
FN:17,(anonymous_2)
FN:17,(anonymous_3)
FN:23,(anonymous_4)
FNF:3
FNH:3
FNDA:4,(anonymous_2)
FNDA:4,(anonymous_3)
FNDA:4,(anonymous_4)
DA:1,6
DA:9,6
DA:10,6
DA:13,6
DA:15,6
DA:17,4
DA:21,6
DA:23,4
DA:25,6
DA:28,6
DA:31,6
DA:34,6
DA:37,6
DA:40,6
LF:14
LH:14
BRF:0
BRH:0
end_of_record
TN:
SF:src\infrastructure\persistence\entities\property_entity.ts
FN:21,(anonymous_2)
FN:21,(anonymous_3)
FNF:2
FNH:2
FNDA:4,(anonymous_2)
FNDA:4,(anonymous_3)
DA:1,6
DA:2,6
DA:5,6
DA:7,6
DA:10,6
DA:13,6
DA:16,6
DA:19,6
DA:21,4
DA:22,6
LF:10
LH:10
BRF:0
BRH:0
end_of_record
TN:
SF:src\infrastructure\persistence\entities\user_entity.ts
FNF:0
FNH:0
DA:1,9
DA:4,9
DA:6,9
DA:9,9
LF:4
LH:4
BRF:0
BRH:0
end_of_record
TN:
SF:src\infrastructure\persistence\mappers\booking_mapper.ts
FN:9,(anonymous_0)
FN:32,(anonymous_1)
FNF:2
FNH:2
FNDA:8,(anonymous_0)
FNDA:7,(anonymous_1)
DA:1,3
DA:3,3
DA:4,3
DA:5,3
DA:6,3
DA:8,3
DA:10,8
DA:11,7
DA:12,6
DA:13,5
DA:15,4
DA:16,4
DA:18,4
DA:26,4
DA:27,4
DA:29,4
DA:33,7
DA:34,7
DA:35,7
DA:36,7
DA:37,7
DA:38,7
DA:39,7
DA:40,7
DA:41,7
DA:42,7
LF:26
LH:26
BRDA:10,0,0,1
BRDA:11,1,0,1
BRDA:12,2,0,1
BRDA:13,3,0,1
BRDA:20,4,0,4
BRDA:20,4,1,4
BRF:6
BRH:6
end_of_record
TN:
SF:src\infrastructure\persistence\mappers\property_mapper.ts
FN:5,(anonymous_0)
FN:20,(anonymous_1)
FNF:2
FNH:2
FNDA:12,(anonymous_0)
FNDA:12,(anonymous_1)
DA:1,6
DA:2,6
DA:4,6
DA:7,12
DA:8,11
DA:9,10
DA:11,9
DA:21,12
DA:22,12
DA:23,12
DA:24,12
DA:25,12
DA:26,12
DA:27,12
LF:14
LH:14
BRDA:7,0,0,1
BRDA:8,1,0,1
BRDA:9,2,0,1
BRF:3
BRH:3
end_of_record
TN:
SF:src\infrastructure\persistence\mappers\user_mapper.ts
FN:5,(anonymous_0)
FN:13,(anonymous_1)
FNF:2
FNH:2
FNDA:14,(anonymous_0)
FNDA:11,(anonymous_1)
DA:1,6
DA:2,6
DA:4,6
DA:7,14
DA:8,13
DA:10,12
DA:14,11
DA:15,11
DA:16,11
DA:17,11
LF:10
LH:10
BRDA:7,0,0,1
BRDA:8,1,0,1
BRF:2
BRH:2
end_of_record
TN:
SF:src\infrastructure\repositories\fake_booking_repository.ts
FN:4,(anonymous_7)
FN:7,(anonymous_8)
FN:11,(anonymous_10)
FN:12,(anonymous_12)
FNF:4
FNH:4
FNDA:13,(anonymous_7)
FNDA:6,(anonymous_8)
FNDA:5,(anonymous_10)
FNDA:3,(anonymous_12)
DA:4,1
DA:5,13
DA:8,6
DA:12,5
LF:4
LH:4
BRDA:12,0,0,5
BRDA:12,0,1,2
BRF:2
BRH:2
end_of_record
TN:
SF:src\infrastructure\repositories\fake_property_repository.ts
FN:4,(anonymous_7)
FN:10,(anonymous_8)
FN:11,(anonymous_10)
FN:14,(anonymous_11)
FNF:4
FNH:4
FNDA:3,(anonymous_7)
FNDA:3,(anonymous_8)
FNDA:6,(anonymous_10)
FNDA:1,(anonymous_11)
DA:1,1
DA:4,1
DA:5,3
DA:11,6
DA:15,1
LF:5
LH:5
BRDA:11,0,0,2
BRDA:11,0,1,1
BRDA:11,1,0,3
BRDA:11,1,1,3
BRF:4
BRH:4
end_of_record
TN:
SF:src\infrastructure\repositories\fake_user_repository.ts
FN:4,(anonymous_7)
FN:10,(anonymous_8)
FN:11,(anonymous_10)
FN:14,(anonymous_11)
FNF:4
FNH:4
FNDA:3,(anonymous_7)
FNDA:3,(anonymous_8)
FNDA:6,(anonymous_10)
FNDA:1,(anonymous_11)
DA:1,1
DA:4,1
DA:5,3
DA:11,6
DA:15,1
LF:5
LH:5
BRDA:11,0,0,3
BRDA:11,0,1,1
BRF:2
BRH:2
end_of_record
TN:
SF:src\infrastructure\repositories\typeorm_booking_repository.ts
FN:10,(anonymous_7)
FN:14,(anonymous_8)
FN:19,(anonymous_10)
FNF:3
FNH:3
FNDA:2,(anonymous_7)
FNDA:6,(anonymous_8)
FNDA:6,(anonymous_10)
DA:5,2
DA:7,2
DA:11,2
DA:15,6
DA:16,6
DA:20,6
DA:24,6
LF:7
LH:7
BRDA:24,0,0,3
BRDA:24,0,1,3
BRF:2
BRH:2
end_of_record
TN:
SF:src\infrastructure\repositories\typeorm_property_repository.ts
FN:10,(anonymous_7)
FN:14,(anonymous_8)
FN:19,(anonymous_10)
FNF:3
FNH:3
FNDA:3,(anonymous_7)
FNDA:4,(anonymous_8)
FNDA:7,(anonymous_10)
DA:4,3
DA:7,3
DA:11,3
DA:15,4
DA:16,4
DA:20,7
DA:21,7
LF:7
LH:7
BRDA:21,0,0,4
BRDA:21,0,1,3
BRF:2
BRH:2
end_of_record
TN:
SF:src\infrastructure\repositories\typeorm_user_repository.ts
FN:10,(anonymous_7)
FN:14,(anonymous_8)
FN:19,(anonymous_10)
FNF:3
FNH:3
FNDA:3,(anonymous_7)
FNDA:3,(anonymous_8)
FNDA:4,(anonymous_10)
DA:5,3
DA:7,3
DA:11,3
DA:15,3
DA:16,3
DA:20,4
DA:21,4
LF:7
LH:7
BRDA:21,0,0,3
BRDA:21,0,1,1
BRF:2
BRH:2
end_of_record
TN:
SF:src\infrastructure\web\booking_controller.ts
FN:8,(anonymous_7)
FN:12,(anonymous_8)
FN:65,(anonymous_10)
FNF:3
FNH:3
FNDA:1,(anonymous_7)
FNDA:9,(anonymous_8)
FNDA:3,(anonymous_10)
DA:5,1
DA:9,1
DA:13,9
DA:14,9
DA:15,9
DA:17,9
DA:18,2
DA:23,7
DA:24,1
DA:27,6
DA:28,1
DA:31,5
DA:32,1
DA:35,4
DA:43,4
DA:45,2
DA:59,2
DA:66,3
DA:67,3
DA:68,3
DA:70,1
DA:74,2
LF:22
LH:22
BRDA:17,0,0,2
BRDA:17,1,0,9
BRDA:17,1,1,8
BRDA:23,2,0,1
BRDA:23,3,0,7
BRDA:23,3,1,7
BRDA:27,4,0,1
BRDA:27,5,0,6
BRDA:27,5,1,5
BRDA:31,6,0,1
BRDA:31,7,0,5
BRDA:31,7,1,4
BRDA:61,8,0,2
BRDA:61,8,1,0
BRF:14
BRH:13
end_of_record
TN:
SF:src\infrastructure\web\property_controller.ts
FN:5,(anonymous_7)
FN:7,(anonymous_8)
FN:22,(anonymous_10)
FNF:3
FNH:3
FNDA:1,(anonymous_7)
FNDA:6,(anonymous_8)
FNDA:2,(anonymous_10)
DA:4,1
DA:5,1
DA:8,6
DA:9,6
DA:10,6
DA:16,2
DA:18,4
DA:23,2
DA:24,2
DA:25,2
DA:27,2
DA:28,1
DA:31,1
DA:33,0
LF:14
LH:13
BRDA:27,0,0,1
BRF:1
BRH:1
end_of_record
TN:
SF:src\infrastructure\web\user_controller.ts
FN:5,(anonymous_7)
FN:7,(anonymous_8)
FN:22,(anonymous_10)
FNF:3
FNH:2
FNDA:1,(anonymous_7)
FNDA:4,(anonymous_8)
FNDA:0,(anonymous_10)
DA:4,1
DA:5,1
DA:9,4
DA:10,4
DA:11,4
DA:12,3
DA:15,1
DA:16,1
DA:18,0
DA:23,0
DA:24,0
DA:25,0
DA:27,0
DA:28,0
DA:31,0
DA:33,0
LF:16
LH:8
BRDA:11,0,0,3
BRDA:11,1,0,4
BRDA:11,1,1,2
BRDA:11,1,2,1
BRDA:27,2,0,0
BRDA:33,3,0,0
BRDA:33,3,1,0
BRF:7
BRH:4
end_of_record
