TN:
SF:src\application\services\booking_service.ts
FN:10,(anonymous_7)
FN:16,(anonymous_8)
FN:43,(anonymous_10)
FNF:3
FNH:3
FNDA:10,(anonymous_7)
FNDA:11,(anonymous_8)
FNDA:6,(anonymous_10)
DA:1,2
DA:3,2
DA:7,2
DA:9,2
DA:11,10
DA:12,10
DA:13,10
DA:17,11
DA:20,11
DA:21,2
DA:24,9
DA:25,9
DA:26,1
DA:29,8
DA:31,8
DA:39,5
DA:40,5
DA:44,6
DA:46,6
DA:47,3
DA:50,3
DA:51,2
LF:22
LH:22
BRDA:20,0,0,2
BRDA:25,1,0,1
BRDA:46,2,0,3
BRDA:50,3,0,0
BRDA:50,3,1,3
BRDA:50,4,0,3
BRDA:50,4,1,3
BRF:7
BRH:6
end_of_record
TN:
SF:src\application\services\property_service.ts
FN:6,(anonymous_7)
FN:8,(anonymous_8)
FN:12,(anonymous_10)
FNF:3
FNH:3
FNDA:5,(anonymous_7)
FNDA:9,(anonymous_8)
FNDA:6,(anonymous_10)
DA:1,4
DA:3,4
DA:5,4
DA:6,5
DA:9,9
DA:18,6
DA:19,1
DA:21,5
DA:22,1
DA:24,4
DA:25,1
DA:27,3
DA:28,1
DA:31,2
DA:39,2
DA:40,2
LF:16
LH:16
BRDA:18,0,0,1
BRDA:18,1,0,6
BRDA:18,1,1,5
BRDA:21,2,0,1
BRDA:21,3,0,5
BRDA:21,3,1,4
BRDA:24,4,0,1
BRDA:27,5,0,1
BRF:8
BRH:8
end_of_record
TN:
SF:src\application\services\user_service.ts
FN:6,(anonymous_7)
FN:8,(anonymous_8)
FN:18,(anonymous_10)
FNF:3
FNH:3
FNDA:5,(anonymous_7)
FNDA:2,(anonymous_8)
FNDA:6,(anonymous_10)
DA:1,4
DA:3,4
DA:5,4
DA:6,5
DA:9,2
DA:10,1
DA:13,1
DA:14,1
DA:15,1
DA:19,6
LF:10
LH:10
BRDA:9,0,0,1
BRDA:9,1,0,2
BRDA:9,1,1,1
BRF:3
BRH:3
end_of_record
TN:
SF:src\domain\cancelation\full_refund.ts
FN:4,(anonymous_0)
FNF:1
FNH:1
FNDA:1,(anonymous_0)
DA:3,7
DA:5,1
LF:2
LH:2
BRF:0
BRH:0
end_of_record
TN:
SF:src\domain\cancelation\no_refund.ts
FN:4,(anonymous_0)
FNF:1
FNH:1
FNDA:3,(anonymous_0)
DA:3,7
DA:5,3
LF:2
LH:2
BRF:0
BRH:0
end_of_record
TN:
SF:src\domain\cancelation\partial_refund.ts
FN:4,(anonymous_0)
FNF:1
FNH:1
FNDA:4,(anonymous_0)
DA:3,7
DA:5,4
LF:2
LH:2
BRF:0
BRH:0
end_of_record
TN:
SF:src\domain\cancelation\refund_rule_factory.ts
FN:7,(anonymous_0)
FNF:1
FNH:1
FNDA:14,(anonymous_0)
DA:1,7
DA:2,7
DA:3,7
DA:6,7
DA:8,14
DA:9,2
DA:10,12
DA:11,7
DA:13,5
LF:9
LH:9
BRDA:8,0,0,2
BRDA:8,0,1,12
BRDA:10,1,0,7
BRF:3
BRH:3
end_of_record
TN:
SF:src\domain\entities\booking.ts
FN:17,(anonymous_0)
FN:51,(anonymous_1)
FN:55,(anonymous_2)
FN:59,(anonymous_3)
FN:63,(anonymous_4)
FN:67,(anonymous_5)
FN:71,(anonymous_6)
FN:75,(anonymous_7)
FN:79,(anonymous_8)
FN:83,(anonymous_9)
FNF:10
FNH:10
FNDA:29,(anonymous_0)
FNDA:21,(anonymous_1)
FNDA:12,(anonymous_2)
FNDA:1,(anonymous_3)
FNDA:24,(anonymous_4)
FNDA:11,(anonymous_5)
FNDA:19,(anonymous_6)
FNDA:15,(anonymous_7)
FNDA:11,(anonymous_8)
FNDA:10,(anonymous_9)
DA:3,6
DA:8,6
DA:14,29
DA:25,29
DA:26,1
DA:29,28
DA:30,4
DA:32,24
DA:34,23
DA:35,2
DA:40,21
DA:41,21
DA:42,21
DA:43,21
DA:44,21
DA:45,21
DA:46,21
DA:48,21
DA:52,21
DA:56,12
DA:60,1
DA:64,24
DA:68,11
DA:72,19
DA:76,15
DA:80,11
DA:84,10
DA:85,2
DA:88,8
DA:89,8
DA:90,8
DA:92,8
DA:93,8
DA:94,8
LF:34
LH:34
BRDA:25,0,0,1
BRDA:29,1,0,4
BRDA:34,2,0,2
BRDA:84,3,0,2
BRF:4
BRH:4
end_of_record
TN:
SF:src\domain\entities\property.ts
FN:5,(anonymous_0)
FN:9,(anonymous_1)
FN:29,(anonymous_2)
FN:33,(anonymous_3)
FN:37,(anonymous_4)
FN:41,(anonymous_5)
FN:45,(anonymous_6)
FN:49,(anonymous_7)
FN:57,(anonymous_8)
FN:68,(anonymous_9)
FN:70,(anonymous_10)
FN:76,(anonymous_11)
FNF:12
FNH:11
FNDA:0,(anonymous_0)
FNDA:43,(anonymous_1)
FNDA:27,(anonymous_2)
FNDA:17,(anonymous_3)
FNDA:14,(anonymous_4)
FNDA:14,(anonymous_5)
FNDA:14,(anonymous_6)
FNDA:21,(anonymous_7)
FNDA:20,(anonymous_8)
FNDA:21,(anonymous_9)
FNDA:3,(anonymous_10)
FNDA:18,(anonymous_11)
DA:4,10
DA:6,0
DA:8,43
DA:10,43
DA:11,43
DA:12,43
DA:13,43
DA:14,43
DA:16,43
DA:17,1
DA:19,42
DA:20,1
DA:22,41
DA:23,41
DA:24,41
DA:25,41
DA:26,41
DA:30,27
DA:34,17
DA:38,14
DA:42,14
DA:46,14
DA:50,21
DA:51,2
DA:58,20
DA:59,20
DA:61,20
DA:62,6
DA:65,20
DA:69,21
DA:71,3
DA:77,18
LF:32
LH:31
BRDA:16,0,0,1
BRDA:19,1,0,1
BRDA:50,2,0,2
BRDA:61,3,0,6
BRDA:71,4,0,3
BRDA:71,4,1,3
BRF:6
BRH:6
end_of_record
TN:
SF:src\domain\entities\user.ts
FN:4,(anonymous_0)
FN:16,(anonymous_1)
FN:20,(anonymous_2)
FNF:3
FNH:3
FNDA:39,(anonymous_0)
FNDA:26,(anonymous_1)
FNDA:16,(anonymous_2)
DA:1,11
DA:5,39
DA:6,1
DA:9,38
DA:10,1
DA:13,37
DA:14,37
DA:17,26
DA:21,16
LF:9
LH:9
BRDA:5,0,0,1
BRDA:9,1,0,1
BRF:2
BRH:2
end_of_record
TN:
SF:src\domain\value_objects\date_range.ts
FN:5,(anonymous_0)
FN:11,(anonymous_1)
FN:20,(anonymous_2)
FN:24,(anonymous_3)
FN:28,(anonymous_4)
FN:33,(anonymous_5)
FNF:6
FNH:6
FNDA:39,(anonymous_0)
FNDA:39,(anonymous_1)
FNDA:23,(anonymous_2)
FNDA:11,(anonymous_3)
FNDA:22,(anonymous_4)
FNDA:4,(anonymous_5)
DA:1,7
DA:6,39
DA:7,37
DA:8,37
DA:12,39
DA:13,1
DA:15,38
DA:16,1
DA:21,23
DA:25,11
DA:29,22
DA:30,22
DA:34,4
LF:13
LH:13
BRDA:12,0,0,1
BRDA:15,1,0,1
BRDA:35,2,0,4
BRDA:35,2,1,4
BRF:4
BRH:4
end_of_record
TN:
SF:src\infrastructure\persistence\entities\booking_entity.ts
FN:17,(anonymous_2)
FN:17,(anonymous_3)
FN:23,(anonymous_4)
FNF:3
FNH:3
FNDA:4,(anonymous_2)
FNDA:4,(anonymous_3)
FNDA:4,(anonymous_4)
DA:1,6
DA:9,6
DA:10,6
DA:13,6
DA:15,6
DA:17,4
DA:21,6
DA:23,4
DA:25,6
DA:28,6
DA:31,6
DA:34,6
DA:37,6
DA:40,6
LF:14
LH:14
BRF:0
BRH:0
end_of_record
TN:
SF:src\infrastructure\persistence\entities\property_entity.ts
FN:21,(anonymous_2)
FN:21,(anonymous_3)
FNF:2
FNH:2
FNDA:4,(anonymous_2)
FNDA:4,(anonymous_3)
DA:1,6
DA:2,6
DA:5,6
DA:7,6
DA:10,6
DA:13,6
DA:16,6
DA:19,6
DA:21,4
DA:22,6
LF:10
LH:10
BRF:0
BRH:0
end_of_record
TN:
SF:src\infrastructure\persistence\entities\user_entity.ts
FNF:0
FNH:0
DA:1,9
DA:4,9
DA:6,9
DA:9,9
LF:4
LH:4
BRF:0
BRH:0
end_of_record
TN:
SF:src\infrastructure\persistence\mappers\booking_mapper.ts
FN:9,(anonymous_0)
FN:32,(anonymous_1)
FNF:2
FNH:2
FNDA:8,(anonymous_0)
FNDA:7,(anonymous_1)
DA:1,3
DA:3,3
DA:4,3
DA:5,3
DA:6,3
DA:8,3
DA:10,8
DA:11,7
DA:12,6
DA:13,5
DA:15,4
DA:16,4
DA:18,4
DA:26,4
DA:27,4
DA:29,4
DA:33,7
DA:34,7
DA:35,7
DA:36,7
DA:37,7
DA:38,7
DA:39,7
DA:40,7
DA:41,7
DA:42,7
LF:26
LH:26
BRDA:10,0,0,1
BRDA:11,1,0,1
BRDA:12,2,0,1
BRDA:13,3,0,1
BRDA:20,4,0,4
BRDA:20,4,1,4
BRF:6
BRH:6
end_of_record
TN:
SF:src\infrastructure\persistence\mappers\property_mapper.ts
FN:5,(anonymous_0)
FN:21,(anonymous_1)
FNF:2
FNH:2
FNDA:13,(anonymous_0)
FNDA:12,(anonymous_1)
DA:1,6
DA:2,6
DA:4,6
DA:7,13
DA:8,13
DA:9,12
DA:10,11
DA:12,10
DA:22,12
DA:23,12
DA:24,12
DA:25,12
DA:26,12
DA:27,12
DA:28,12
LF:15
LH:15
BRDA:7,0,0,0
BRDA:8,1,0,1
BRDA:9,2,0,1
BRDA:10,3,0,1
BRF:4
BRH:3
end_of_record
TN:
SF:src\infrastructure\persistence\mappers\user_mapper.ts
FN:5,(anonymous_0)
FN:14,(anonymous_1)
FNF:2
FNH:2
FNDA:15,(anonymous_0)
FNDA:11,(anonymous_1)
DA:1,6
DA:2,6
DA:4,6
DA:7,15
DA:8,15
DA:9,14
DA:11,13
DA:15,11
DA:16,11
DA:17,11
DA:18,11
LF:11
LH:11
BRDA:7,0,0,0
BRDA:8,1,0,1
BRDA:9,2,0,1
BRF:3
BRH:2
end_of_record
TN:
SF:src\infrastructure\repositories\fake_booking_repository.ts
FN:4,(anonymous_7)
FN:7,(anonymous_8)
FN:11,(anonymous_10)
FN:12,(anonymous_12)
FNF:4
FNH:4
FNDA:9,(anonymous_7)
FNDA:4,(anonymous_8)
FNDA:5,(anonymous_10)
FNDA:3,(anonymous_12)
DA:4,1
DA:5,9
DA:8,4
DA:12,5
LF:4
LH:4
BRDA:12,0,0,5
BRDA:12,0,1,2
BRF:2
BRH:2
end_of_record
TN:
SF:src\infrastructure\repositories\fake_property_repository.ts
FN:4,(anonymous_7)
FN:10,(anonymous_8)
FN:11,(anonymous_10)
FN:14,(anonymous_11)
FNF:4
FNH:4
FNDA:3,(anonymous_7)
FNDA:3,(anonymous_8)
FNDA:6,(anonymous_10)
FNDA:1,(anonymous_11)
DA:1,1
DA:4,1
DA:5,3
DA:11,6
DA:15,1
LF:5
LH:5
BRDA:11,0,0,2
BRDA:11,0,1,1
BRDA:11,1,0,3
BRDA:11,1,1,3
BRF:4
BRH:4
end_of_record
TN:
SF:src\infrastructure\repositories\fake_user_repository.ts
FN:4,(anonymous_7)
FN:10,(anonymous_8)
FN:11,(anonymous_10)
FN:14,(anonymous_11)
FNF:4
FNH:4
FNDA:3,(anonymous_7)
FNDA:3,(anonymous_8)
FNDA:6,(anonymous_10)
FNDA:1,(anonymous_11)
DA:1,1
DA:4,1
DA:5,3
DA:11,6
DA:15,1
LF:5
LH:5
BRDA:11,0,0,3
BRDA:11,0,1,1
BRF:2
BRH:2
end_of_record
TN:
SF:src\infrastructure\repositories\typeorm_booking_repository.ts
FN:10,(anonymous_7)
FN:14,(anonymous_8)
FN:19,(anonymous_10)
FNF:3
FNH:3
FNDA:2,(anonymous_7)
FNDA:6,(anonymous_8)
FNDA:5,(anonymous_10)
DA:5,2
DA:7,2
DA:11,2
DA:15,6
DA:16,6
DA:20,5
DA:24,5
LF:7
LH:7
BRDA:24,0,0,3
BRDA:24,0,1,2
BRF:2
BRH:2
end_of_record
TN:
SF:src\infrastructure\repositories\typeorm_property_repository.ts
FN:10,(anonymous_7)
FN:14,(anonymous_8)
FN:19,(anonymous_10)
FNF:3
FNH:3
FNDA:3,(anonymous_7)
FNDA:4,(anonymous_8)
FNDA:8,(anonymous_10)
DA:4,3
DA:7,3
DA:11,3
DA:15,4
DA:16,4
DA:20,8
DA:21,8
LF:7
LH:7
BRDA:21,0,0,5
BRDA:21,0,1,3
BRF:2
BRH:2
end_of_record
TN:
SF:src\infrastructure\repositories\typeorm_user_repository.ts
FN:10,(anonymous_7)
FN:14,(anonymous_8)
FN:19,(anonymous_10)
FNF:3
FNH:3
FNDA:3,(anonymous_7)
FNDA:3,(anonymous_8)
FNDA:5,(anonymous_10)
DA:5,3
DA:7,3
DA:11,3
DA:15,3
DA:16,3
DA:20,5
DA:21,5
LF:7
LH:7
BRDA:21,0,0,4
BRDA:21,0,1,1
BRF:2
BRH:2
end_of_record
TN:
SF:src\infrastructure\web\booking_controller.ts
FN:8,(anonymous_7)
FN:12,(anonymous_8)
FN:53,(anonymous_10)
FNF:3
FNH:3
FNDA:1,(anonymous_7)
FNDA:6,(anonymous_8)
FNDA:2,(anonymous_10)
DA:5,1
DA:9,1
DA:13,6
DA:14,6
DA:15,6
DA:17,6
DA:18,2
DA:23,4
DA:31,4
DA:33,2
DA:47,2
DA:54,2
DA:55,2
DA:56,2
DA:58,1
DA:62,1
LF:16
LH:16
BRDA:17,0,0,2
BRDA:17,1,0,6
BRDA:17,1,1,5
BRDA:49,2,0,2
BRDA:49,2,1,0
BRF:5
BRH:4
end_of_record
TN:
SF:src\infrastructure\web\property_controller.ts
FN:5,(anonymous_7)
FN:7,(anonymous_8)
FN:22,(anonymous_10)
FNF:3
FNH:3
FNDA:1,(anonymous_7)
FNDA:6,(anonymous_8)
FNDA:2,(anonymous_10)
DA:4,1
DA:5,1
DA:8,6
DA:9,6
DA:10,6
DA:16,2
DA:18,4
DA:23,2
DA:24,2
DA:25,2
DA:27,2
DA:28,1
DA:31,1
DA:33,0
LF:14
LH:13
BRDA:27,0,0,1
BRF:1
BRH:1
end_of_record
TN:
SF:src\infrastructure\web\user_controller.ts
FN:5,(anonymous_7)
FN:7,(anonymous_8)
FN:17,(anonymous_10)
FNF:3
FNH:2
FNDA:1,(anonymous_7)
FNDA:2,(anonymous_8)
FNDA:0,(anonymous_10)
DA:4,1
DA:5,1
DA:8,2
DA:9,2
DA:10,2
DA:11,1
DA:13,1
DA:18,0
DA:19,0
DA:20,0
DA:22,0
DA:23,0
DA:26,0
DA:28,0
LF:14
LH:7
BRDA:22,0,0,0
BRF:1
BRH:0
end_of_record
